Using pre-set license
Built from '2020.2/release' branch; Version is '2020.2.2f1 (068178b99f32) revision 426360'; Using compiler version '192528614'; Build Type 'Release'
OS: 'Windows 10 Home; OS build 18363.1016; Version 1909; 64bit' Language: 'en' Physical Memory: 16315 MB
BatchMode: 1, IsHumanControllingUs: 0, StartBugReporterOnCrash: 0, Is64bit: 1, IsPro: 0

 COMMAND LINE ARGUMENTS:
C:\Program Files\Unity\Hub\Editor\2020.2.2f1\Editor\Unity.exe
-adb2
-batchMode
-noUpm
-name
AssetImportWorker0
-projectPath
D:/Documents/GitHub/Summer-Game-Tau-Cannon
-logFile
Logs/AssetImportWorker0.log
-srvPort
53956
Successfully changed project path to: D:/Documents/GitHub/Summer-Game-Tau-Cannon
D:/Documents/GitHub/Summer-Game-Tau-Cannon
Using Asset Import Pipeline V2.
Refreshing native plugins compatible for Editor in 21.58 ms, found 0 plugins.
Preloading 0 native plugins for Editor in 0.00 ms.
Initialize engine version: 2020.2.2f1 (068178b99f32)
[Subsystems] Discovering subsystems at path C:/Program Files/Unity/Hub/Editor/2020.2.2f1/Editor/Data/Resources/UnitySubsystems
[Subsystems] Discovering subsystems at path D:/Documents/GitHub/Summer-Game-Tau-Cannon/Assets
GfxDevice: creating device client; threaded=0
Direct3D:
    Version:  Direct3D 11.0 [level 11.1]
    Renderer: AMD Radeon RX 5700 XT (ID=0x731f)
    Vendor:   
    VRAM:     8151 MB
    Driver:   27.20.21003.8013
Initialize mono
Mono path[0] = 'C:/Program Files/Unity/Hub/Editor/2020.2.2f1/Editor/Data/Managed'
Mono path[1] = 'C:/Program Files/Unity/Hub/Editor/2020.2.2f1/Editor/Data/MonoBleedingEdge/lib/mono/unityjit'
Mono config path = 'C:/Program Files/Unity/Hub/Editor/2020.2.2f1/Editor/Data/MonoBleedingEdge/etc'
Using monoOptions --debugger-agent=transport=dt_socket,embedding=1,server=y,suspend=n,address=127.0.0.1:56596
Begin MonoManager ReloadAssembly
Registering precompiled unity dll's ...
Register platform support module: C:/Program Files/Unity/Hub/Editor/2020.2.2f1/Editor/Data/PlaybackEngines/WindowsStandaloneSupport/UnityEditor.WindowsStandalone.Extensions.dll
Registered in 0.001452 seconds.
Native extension for WindowsStandalone target not found
Refreshing native plugins compatible for Editor in 22.42 ms, found 0 plugins.
Preloading 0 native plugins for Editor in 0.00 ms.
Invoked RoslynAnalysisRunner static constructor.
RoslynAnalysisRunner will not be running.
RoslynAnalysisRunner has terminated.
Mono: successfully reloaded assembly
- Completed reload, in  0.922 seconds
Platform modules already initialized, skipping
Registering precompiled user dll's ...
Registered in 0.000686 seconds.
Begin MonoManager ReloadAssembly
Native extension for WindowsStandalone target not found
Refreshing native plugins compatible for Editor in 0.27 ms, found 0 plugins.
Preloading 0 native plugins for Editor in 0.00 ms.
Invoked RoslynAnalysisRunner static constructor.
RoslynAnalysisRunner will not be running.
RoslynAnalysisRunner has terminated.
Mono: successfully reloaded assembly
- Completed reload, in  0.733 seconds
Platform modules already initialized, skipping
========================================================================
Worker process is ready to serve import requests
Launched and connected shader compiler UnityShaderCompiler.exe after 0.04 seconds
Refreshing native plugins compatible for Editor in 0.31 ms, found 0 plugins.
Preloading 0 native plugins for Editor in 0.00 ms.
Unloading 1119 Unused Serialized files (Serialized files now loaded: 0)
System memory in use before: 77.9 MB.
System memory in use after: 78.0 MB.

Unloading 9 unused Assets to reduce memory usage. Loaded Objects now: 1582.
Total: 1.887100 ms (FindLiveObjects: 0.179900 ms CreateObjectMapping: 0.034900 ms MarkObjects: 1.551900 ms  DeleteObjects: 0.119500 ms)

========================================================================
Received Import Request.
  path: Assets/Prefabs/First Person Player.prefab
  artifactKey: Guid(e7ef46276dbfe3749940c9f486f0ca65) Importer(815301076,1909f56bfc062723c751e8b465ee728b)
Start importing Assets/Prefabs/First Person Player.prefab using Guid(e7ef46276dbfe3749940c9f486f0ca65) Importer(815301076,1909f56bfc062723c751e8b465ee728b)  -> (artifact id: '83d5765268633c84d984237411702adc') in 0.100066 seconds
  Import took 0.102298 seconds .

========================================================================
Received Import Request.
  Time since last request: 6.003187 seconds.
  path: Assets/Prefabs/First Person Player.prefab
  artifactKey: Guid(e7ef46276dbfe3749940c9f486f0ca65) Importer(815301076,1909f56bfc062723c751e8b465ee728b)
Start importing Assets/Prefabs/First Person Player.prefab using Guid(e7ef46276dbfe3749940c9f486f0ca65) Importer(815301076,1909f56bfc062723c751e8b465ee728b)  -> (artifact id: 'dab83c95d0bfd51a903b5126b4cf82d6') in 0.009739 seconds
  Import took 0.011961 seconds .

========================================================================
Received Import Request.
  Time since last request: 11.204873 seconds.
  path: Assets/Scripts/TauGun.cs
  artifactKey: Guid(c7670cbf014e49044bab9a819dfff660) Importer(815301076,1909f56bfc062723c751e8b465ee728b)
Start importing Assets/Scripts/TauGun.cs using Guid(c7670cbf014e49044bab9a819dfff660) Importer(815301076,1909f56bfc062723c751e8b465ee728b)  -> (artifact id: '52818b1274bfed6f378e8ef83cab2ef1') in 0.004735 seconds
  Import took 0.006766 seconds .

========================================================================
Received Import Request.
  Time since last request: 0.001160 seconds.
  path: Assets/Scripts/TauGun.cs
  artifactKey: Guid(c7670cbf014e49044bab9a819dfff660) Importer(815301076,1909f56bfc062723c751e8b465ee728b)
Start importing Assets/Scripts/TauGun.cs using Guid(c7670cbf014e49044bab9a819dfff660) Importer(815301076,1909f56bfc062723c751e8b465ee728b)  -> (artifact id: '52818b1274bfed6f378e8ef83cab2ef1') in 0.001583 seconds
  Import took 0.002942 seconds .

========================================================================
Received Import Request.
  Time since last request: 9.883471 seconds.
  path: Assets/Scenes/_Level0.unity
  artifactKey: Guid(43813e01a79e6c94cb97e63695201d83) Importer(815301076,1909f56bfc062723c751e8b465ee728b)
Start importing Assets/Scenes/_Level0.unity using Guid(43813e01a79e6c94cb97e63695201d83) Importer(815301076,1909f56bfc062723c751e8b465ee728b)  -> (artifact id: 'b4c21cc82a726a06944423b136e9aa5a') in 0.002650 seconds
  Import took 0.004609 seconds .

========================================================================
Received Import Request.
  Time since last request: 0.834132 seconds.
  path: Assets/Scenes/Playground.unity
  artifactKey: Guid(84a1c2253606d2048bca47437eddfb7a) Importer(815301076,1909f56bfc062723c751e8b465ee728b)
Start importing Assets/Scenes/Playground.unity using Guid(84a1c2253606d2048bca47437eddfb7a) Importer(815301076,1909f56bfc062723c751e8b465ee728b)  -> (artifact id: 'ddfb8e84c4cecdc5f40a1cedd3e88575') in 0.007199 seconds
  Import took 0.009250 seconds .

========================================================================
Received Import Request.
  Time since last request: 33.772141 seconds.
  path: Assets/Scenes/MenuMain.unity
  artifactKey: Guid(5d2672dd4c55d8b4d94836e559c2bb6c) Importer(815301076,1909f56bfc062723c751e8b465ee728b)
Start importing Assets/Scenes/MenuMain.unity using Guid(5d2672dd4c55d8b4d94836e559c2bb6c) Importer(815301076,1909f56bfc062723c751e8b465ee728b)  -> (artifact id: 'a24941f960ba8f12fabf541aa2d93d93') in 0.002335 seconds
  Import took 0.004515 seconds .

========================================================================
Received Import Request.
  Time since last request: 75.336703 seconds.
  path: Assets/Scenes/_Level1.unity
  artifactKey: Guid(e5f4ab6b1c52c894687488f0d6d4b4cd) Importer(815301076,1909f56bfc062723c751e8b465ee728b)
Start importing Assets/Scenes/_Level1.unity using Guid(e5f4ab6b1c52c894687488f0d6d4b4cd) Importer(815301076,1909f56bfc062723c751e8b465ee728b)  -> (artifact id: '759836f2a79ee426151a012235455af7') in 0.001914 seconds
  Import took 0.003902 seconds .

========================================================================
Received Import Request.
  Time since last request: 14.779678 seconds.
  path: Assets/Scenes/_Level3.unity
  artifactKey: Guid(f55f0290efb262e47bde12ab60bbd770) Importer(815301076,1909f56bfc062723c751e8b465ee728b)
Start importing Assets/Scenes/_Level3.unity using Guid(f55f0290efb262e47bde12ab60bbd770) Importer(815301076,1909f56bfc062723c751e8b465ee728b)  -> (artifact id: '1843547f7d0b5c20bcf2481c262f2a88') in 0.001962 seconds
  Import took 0.003978 seconds .

========================================================================
Received Import Request.
  Time since last request: 0.462816 seconds.
  path: Assets/Scenes/_Level2.unity
  artifactKey: Guid(ad29938528a371c4683b47c6aa33d027) Importer(815301076,1909f56bfc062723c751e8b465ee728b)
Start importing Assets/Scenes/_Level2.unity using Guid(ad29938528a371c4683b47c6aa33d027) Importer(815301076,1909f56bfc062723c751e8b465ee728b)  -> (artifact id: 'f37ad747d7a27fa87db4b38cb7c70178') in 0.007048 seconds
  Import took 0.009011 seconds .

========================================================================
Received Prepare
Registering precompiled user dll's ...
Registered in 0.000590 seconds.
Begin MonoManager ReloadAssembly
Native extension for WindowsStandalone target not found
Refreshing native plugins compatible for Editor in 0.26 ms, found 0 plugins.
Preloading 0 native plugins for Editor in 0.00 ms.
Invoked RoslynAnalysisRunner static constructor.
RoslynAnalysisRunner will not be running.
RoslynAnalysisRunner has terminated.
Mono: successfully reloaded assembly
- Completed reload, in  0.686 seconds
Platform modules already initialized, skipping
Refreshing native plugins compatible for Editor in 0.27 ms, found 0 plugins.
Preloading 0 native plugins for Editor in 0.00 ms.
Unloading 1100 Unused Serialized files (Serialized files now loaded: 0)
System memory in use before: 80.4 MB.
System memory in use after: 80.5 MB.

Unloading 6 unused Assets to reduce memory usage. Loaded Objects now: 1593.
Total: 1.788300 ms (FindLiveObjects: 0.159100 ms CreateObjectMapping: 0.026400 ms MarkObjects: 1.577300 ms  DeleteObjects: 0.024600 ms)

========================================================================
Received Prepare
Registering precompiled user dll's ...
Registered in 0.000565 seconds.
Begin MonoManager ReloadAssembly
Native extension for WindowsStandalone target not found
Refreshing native plugins compatible for Editor in 0.25 ms, found 0 plugins.
Preloading 0 native plugins for Editor in 0.00 ms.
Invoked RoslynAnalysisRunner static constructor.
RoslynAnalysisRunner will not be running.
RoslynAnalysisRunner has terminated.
Mono: successfully reloaded assembly
- Completed reload, in  0.680 seconds
Platform modules already initialized, skipping
Refreshing native plugins compatible for Editor in 0.25 ms, found 0 plugins.
Preloading 0 native plugins for Editor in 0.00 ms.
Unloading 1100 Unused Serialized files (Serialized files now loaded: 0)
System memory in use before: 80.4 MB.
System memory in use after: 80.5 MB.

Unloading 4 unused Assets to reduce memory usage. Loaded Objects now: 1595.
Total: 1.589100 ms (FindLiveObjects: 0.160300 ms CreateObjectMapping: 0.028400 ms MarkObjects: 1.387900 ms  DeleteObjects: 0.011500 ms)

========================================================================
Received Import Request.
  Time since last request: 166.206159 seconds.
  path: Assets/Scenes/_Level3.unity
  artifactKey: Guid(f55f0290efb262e47bde12ab60bbd770) Importer(815301076,1909f56bfc062723c751e8b465ee728b)
Start importing Assets/Scenes/_Level3.unity using Guid(f55f0290efb262e47bde12ab60bbd770) Importer(815301076,1909f56bfc062723c751e8b465ee728b)  -> (artifact id: 'cfe93fe08c197e4ff6d639b0c68961aa') in 0.009519 seconds
  Import took 0.011500 seconds .

========================================================================
Received Import Request.
  Time since last request: 20.381539 seconds.
  path: Assets/Scenes/_Level4.unity
  artifactKey: Guid(3dc349a8dab07eb4b94da09e0a03049f) Importer(815301076,1909f56bfc062723c751e8b465ee728b)
Start importing Assets/Scenes/_Level4.unity using Guid(3dc349a8dab07eb4b94da09e0a03049f) Importer(815301076,1909f56bfc062723c751e8b465ee728b)  -> (artifact id: '755e96209fe324eb532c4dd4e34299c1') in 0.001926 seconds
  Import took 0.003988 seconds .

========================================================================
Received Import Request.
  Time since last request: 12.310109 seconds.
  path: Assets/Scenes/_Level5.unity
  artifactKey: Guid(20b15e4509025e64db0e5354285a29ea) Importer(815301076,1909f56bfc062723c751e8b465ee728b)
Start importing Assets/Scenes/_Level5.unity using Guid(20b15e4509025e64db0e5354285a29ea) Importer(815301076,1909f56bfc062723c751e8b465ee728b)  -> (artifact id: '5c87eda65d83f8f111da3347824fa538') in 0.008534 seconds
  Import took 0.011095 seconds .

========================================================================
Received Import Request.
  Time since last request: 0.006957 seconds.
  path: Assets/Scenes/_Level5.unity
  artifactKey: Guid(20b15e4509025e64db0e5354285a29ea) Importer(815301076,1909f56bfc062723c751e8b465ee728b)
Start importing Assets/Scenes/_Level5.unity using Guid(20b15e4509025e64db0e5354285a29ea) Importer(815301076,1909f56bfc062723c751e8b465ee728b)  -> (artifact id: '5c87eda65d83f8f111da3347824fa538') in 0.002523 seconds
  Import took 0.004961 seconds .

========================================================================
Received Prepare
Registering precompiled user dll's ...
Registered in 0.000571 seconds.
Begin MonoManager ReloadAssembly
Native extension for WindowsStandalone target not found
Refreshing native plugins compatible for Editor in 0.25 ms, found 0 plugins.
Preloading 0 native plugins for Editor in 0.00 ms.
Invoked RoslynAnalysisRunner static constructor.
RoslynAnalysisRunner will not be running.
RoslynAnalysisRunner has terminated.
Mono: successfully reloaded assembly
- Completed reload, in  0.684 seconds
Platform modules already initialized, skipping
Refreshing native plugins compatible for Editor in 0.25 ms, found 0 plugins.
Preloading 0 native plugins for Editor in 0.00 ms.
Unloading 1100 Unused Serialized files (Serialized files now loaded: 0)
System memory in use before: 81.4 MB.
System memory in use after: 81.5 MB.

Unloading 4 unused Assets to reduce memory usage. Loaded Objects now: 1597.
Total: 1.641400 ms (FindLiveObjects: 0.169500 ms CreateObjectMapping: 0.026000 ms MarkObjects: 1.432200 ms  DeleteObjects: 0.012800 ms)

========================================================================
Received Import Request.
  Time since last request: 52.404896 seconds.
  path: Assets/Scenes/_Level4.unity
  artifactKey: Guid(3dc349a8dab07eb4b94da09e0a03049f) Importer(815301076,1909f56bfc062723c751e8b465ee728b)
Start importing Assets/Scenes/_Level4.unity using Guid(3dc349a8dab07eb4b94da09e0a03049f) Importer(815301076,1909f56bfc062723c751e8b465ee728b)  -> (artifact id: '23d339a5dba2f64f11e083a5e4191723') in 0.009142 seconds
  Import took 0.011367 seconds .

========================================================================
Received Prepare
Registering precompiled user dll's ...
Registered in 0.000708 seconds.
Begin MonoManager ReloadAssembly
Native extension for WindowsStandalone target not found
Refreshing native plugins compatible for Editor in 0.24 ms, found 0 plugins.
Preloading 0 native plugins for Editor in 0.00 ms.
Invoked RoslynAnalysisRunner static constructor.
RoslynAnalysisRunner will not be running.
RoslynAnalysisRunner has terminated.
Mono: successfully reloaded assembly
- Completed reload, in  0.686 seconds
Platform modules already initialized, skipping
Refreshing native plugins compatible for Editor in 0.26 ms, found 0 plugins.
Preloading 0 native plugins for Editor in 0.00 ms.
Unloading 1100 Unused Serialized files (Serialized files now loaded: 0)
System memory in use before: 81.5 MB.
System memory in use after: 81.6 MB.

Unloading 4 unused Assets to reduce memory usage. Loaded Objects now: 1599.
Total: 1.476300 ms (FindLiveObjects: 0.148200 ms CreateObjectMapping: 0.026000 ms MarkObjects: 1.289700 ms  DeleteObjects: 0.011300 ms)

========================================================================
Received Import Request.
  Time since last request: 23.003604 seconds.
  path: Assets/Prefabs/First Person Player.prefab
  artifactKey: Guid(e7ef46276dbfe3749940c9f486f0ca65) Importer(815301076,1909f56bfc062723c751e8b465ee728b)
Start importing Assets/Prefabs/First Person Player.prefab using Guid(e7ef46276dbfe3749940c9f486f0ca65) Importer(815301076,1909f56bfc062723c751e8b465ee728b)  -> (artifact id: '960a37bca3a1da9dfbaeaa432c1c341b') in 0.063518 seconds
  Import took 0.065525 seconds .

========================================================================
Received Import Request.
  Time since last request: 1.432771 seconds.
  path: Assets/Prefabs/First Person Player.prefab
  artifactKey: Guid(e7ef46276dbfe3749940c9f486f0ca65) Importer(815301076,1909f56bfc062723c751e8b465ee728b)
Start importing Assets/Prefabs/First Person Player.prefab using Guid(e7ef46276dbfe3749940c9f486f0ca65) Importer(815301076,1909f56bfc062723c751e8b465ee728b)  -> (artifact id: '5f9fb2e636297a23bd55e1e07e32d0b4') in 0.016403 seconds
  Import took 0.018586 seconds .

========================================================================
Received Import Request.
  Time since last request: 0.973756 seconds.
  path: Assets/Prefabs/First Person Player.prefab
  artifactKey: Guid(e7ef46276dbfe3749940c9f486f0ca65) Importer(815301076,1909f56bfc062723c751e8b465ee728b)
Start importing Assets/Prefabs/First Person Player.prefab using Guid(e7ef46276dbfe3749940c9f486f0ca65) Importer(815301076,1909f56bfc062723c751e8b465ee728b)  -> (artifact id: '54b0a208ef8dd0f134306af6d5e9012f') in 0.015968 seconds
  Import took 0.018153 seconds .

========================================================================
Received Import Request.
  Time since last request: 1.663248 seconds.
  path: Assets/Prefabs/First Person Player.prefab
  artifactKey: Guid(e7ef46276dbfe3749940c9f486f0ca65) Importer(815301076,1909f56bfc062723c751e8b465ee728b)
Start importing Assets/Prefabs/First Person Player.prefab using Guid(e7ef46276dbfe3749940c9f486f0ca65) Importer(815301076,1909f56bfc062723c751e8b465ee728b)  -> (artifact id: '0ecf75a2d1da5107ad957c6876bf7f75') in 0.006932 seconds
  Import took 0.009098 seconds .

========================================================================
Received Prepare
Registering precompiled user dll's ...
Registered in 0.000679 seconds.
Begin MonoManager ReloadAssembly
Native extension for WindowsStandalone target not found
Refreshing native plugins compatible for Editor in 0.24 ms, found 0 plugins.
Preloading 0 native plugins for Editor in 0.00 ms.
Invoked RoslynAnalysisRunner static constructor.
RoslynAnalysisRunner will not be running.
RoslynAnalysisRunner has terminated.
Mono: successfully reloaded assembly
- Completed reload, in  0.687 seconds
Platform modules already initialized, skipping
Refreshing native plugins compatible for Editor in 0.30 ms, found 0 plugins.
Preloading 0 native plugins for Editor in 0.00 ms.
Unloading 1100 Unused Serialized files (Serialized files now loaded: 0)
System memory in use before: 81.5 MB.
System memory in use after: 81.6 MB.

Unloading 6 unused Assets to reduce memory usage. Loaded Objects now: 1602.
Total: 1.848500 ms (FindLiveObjects: 0.162900 ms CreateObjectMapping: 0.027100 ms MarkObjects: 1.629300 ms  DeleteObjects: 0.028100 ms)

========================================================================
Received Import Request.
  Time since last request: 17.481836 seconds.
  path: Assets/Prefabs/First Person Player.prefab
  artifactKey: Guid(e7ef46276dbfe3749940c9f486f0ca65) Importer(815301076,1909f56bfc062723c751e8b465ee728b)
Start importing Assets/Prefabs/First Person Player.prefab using Guid(e7ef46276dbfe3749940c9f486f0ca65) Importer(815301076,1909f56bfc062723c751e8b465ee728b)  -> (artifact id: '0e3a2a854f766d6c518f64757f463821') in 0.058526 seconds
  Import took 0.061025 seconds .

========================================================================
Received Prepare
Registering precompiled user dll's ...
Registered in 0.000583 seconds.
Begin MonoManager ReloadAssembly
Native extension for WindowsStandalone target not found
Refreshing native plugins compatible for Editor in 0.25 ms, found 0 plugins.
Preloading 0 native plugins for Editor in 0.00 ms.
Invoked RoslynAnalysisRunner static constructor.
RoslynAnalysisRunner will not be running.
RoslynAnalysisRunner has terminated.
Mono: successfully reloaded assembly
- Completed reload, in  0.678 seconds
Platform modules already initialized, skipping
Refreshing native plugins compatible for Editor in 0.24 ms, found 0 plugins.
Preloading 0 native plugins for Editor in 0.00 ms.
Unloading 1100 Unused Serialized files (Serialized files now loaded: 0)
System memory in use before: 81.6 MB.
System memory in use after: 81.7 MB.

Unloading 6 unused Assets to reduce memory usage. Loaded Objects now: 1605.
Total: 1.620300 ms (FindLiveObjects: 0.159300 ms CreateObjectMapping: 0.026500 ms MarkObjects: 1.410000 ms  DeleteObjects: 0.023700 ms)

========================================================================
Received Prepare
Registering precompiled user dll's ...
Registered in 0.000534 seconds.
Begin MonoManager ReloadAssembly
Native extension for WindowsStandalone target not found
Refreshing native plugins compatible for Editor in 0.27 ms, found 0 plugins.
Preloading 0 native plugins for Editor in 0.00 ms.
Invoked RoslynAnalysisRunner static constructor.
RoslynAnalysisRunner will not be running.
RoslynAnalysisRunner has terminated.
Mono: successfully reloaded assembly
- Completed reload, in  0.673 seconds
Platform modules already initialized, skipping
Refreshing native plugins compatible for Editor in 0.33 ms, found 0 plugins.
Preloading 0 native plugins for Editor in 0.00 ms.
Unloading 1100 Unused Serialized files (Serialized files now loaded: 0)
System memory in use before: 81.4 MB.
System memory in use after: 81.5 MB.

Unloading 4 unused Assets to reduce memory usage. Loaded Objects now: 1607.
Total: 1.911700 ms (FindLiveObjects: 0.208300 ms CreateObjectMapping: 0.037700 ms MarkObjects: 1.646700 ms  DeleteObjects: 0.017800 ms)

========================================================================
Received Import Request.
  Time since last request: 263.630195 seconds.
  path: Assets/Scenes/_Level2.unity
  artifactKey: Guid(ad29938528a371c4683b47c6aa33d027) Importer(815301076,1909f56bfc062723c751e8b465ee728b)
Start importing Assets/Scenes/_Level2.unity using Guid(ad29938528a371c4683b47c6aa33d027) Importer(815301076,1909f56bfc062723c751e8b465ee728b)  -> (artifact id: '4d931f60b8c379e6c5f0992e34c83d4d') in 0.009923 seconds
  Import took 0.012029 seconds .

========================================================================
Received Import Request.
  Time since last request: 0.904904 seconds.
  path: Assets/Scenes/_Level0.unity
  artifactKey: Guid(43813e01a79e6c94cb97e63695201d83) Importer(815301076,1909f56bfc062723c751e8b465ee728b)
Start importing Assets/Scenes/_Level0.unity using Guid(43813e01a79e6c94cb97e63695201d83) Importer(815301076,1909f56bfc062723c751e8b465ee728b)  -> (artifact id: '336ad093eb91b372bce80cc2d54664e2') in 0.001856 seconds
  Import took 0.003693 seconds .

========================================================================
Received Prepare
Registering precompiled user dll's ...
Registered in 0.000894 seconds.
Begin MonoManager ReloadAssembly
Native extension for WindowsStandalone target not found
Refreshing native plugins compatible for Editor in 0.25 ms, found 0 plugins.
Preloading 0 native plugins for Editor in 0.00 ms.
Invoked RoslynAnalysisRunner static constructor.
RoslynAnalysisRunner will not be running.
RoslynAnalysisRunner has terminated.
Mono: successfully reloaded assembly
- Completed reload, in  0.693 seconds
Platform modules already initialized, skipping
Refreshing native plugins compatible for Editor in 0.35 ms, found 0 plugins.
Preloading 0 native plugins for Editor in 0.00 ms.
Unloading 1100 Unused Serialized files (Serialized files now loaded: 0)
System memory in use before: 81.6 MB.
System memory in use after: 81.7 MB.

Unloading 4 unused Assets to reduce memory usage. Loaded Objects now: 1609.
Total: 1.801400 ms (FindLiveObjects: 0.147900 ms CreateObjectMapping: 0.026800 ms MarkObjects: 1.612700 ms  DeleteObjects: 0.012800 ms)

========================================================================
Received Prepare
Registering precompiled user dll's ...
Registered in 0.000720 seconds.
Begin MonoManager ReloadAssembly
Native extension for WindowsStandalone target not found
Refreshing native plugins compatible for Editor in 0.25 ms, found 0 plugins.
Preloading 0 native plugins for Editor in 0.00 ms.
Invoked RoslynAnalysisRunner static constructor.
RoslynAnalysisRunner will not be running.
RoslynAnalysisRunner has terminated.
Mono: successfully reloaded assembly
- Completed reload, in  0.767 seconds
Platform modules already initialized, skipping
Refreshing native plugins compatible for Editor in 0.27 ms, found 0 plugins.
Preloading 0 native plugins for Editor in 0.00 ms.
Unloading 1100 Unused Serialized files (Serialized files now loaded: 0)
System memory in use before: 81.4 MB.
System memory in use after: 81.5 MB.

Unloading 4 unused Assets to reduce memory usage. Loaded Objects now: 1611.
Total: 1.636000 ms (FindLiveObjects: 0.178200 ms CreateObjectMapping: 0.027400 ms MarkObjects: 1.417100 ms  DeleteObjects: 0.012400 ms)

========================================================================
Received Prepare
Registering precompiled user dll's ...
Registered in 0.000731 seconds.
Begin MonoManager ReloadAssembly
Native extension for WindowsStandalone target not found
Refreshing native plugins compatible for Editor in 0.25 ms, found 0 plugins.
Preloading 0 native plugins for Editor in 0.00 ms.
Invoked RoslynAnalysisRunner static constructor.
RoslynAnalysisRunner will not be running.
RoslynAnalysisRunner has terminated.
Mono: successfully reloaded assembly
- Completed reload, in  0.697 seconds
Platform modules already initialized, skipping
Refreshing native plugins compatible for Editor in 0.24 ms, found 0 plugins.
Preloading 0 native plugins for Editor in 0.00 ms.
Unloading 1100 Unused Serialized files (Serialized files now loaded: 0)
System memory in use before: 81.6 MB.
System memory in use after: 81.7 MB.

Unloading 4 unused Assets to reduce memory usage. Loaded Objects now: 1613.
Total: 1.582000 ms (FindLiveObjects: 0.144300 ms CreateObjectMapping: 0.027900 ms MarkObjects: 1.397100 ms  DeleteObjects: 0.011700 ms)

========================================================================
Received Prepare
Registering precompiled user dll's ...
Registered in 0.000579 seconds.
Begin MonoManager ReloadAssembly
Native extension for WindowsStandalone target not found
Refreshing native plugins compatible for Editor in 0.26 ms, found 0 plugins.
Preloading 0 native plugins for Editor in 0.00 ms.
Invoked RoslynAnalysisRunner static constructor.
RoslynAnalysisRunner will not be running.
RoslynAnalysisRunner has terminated.
Mono: successfully reloaded assembly
- Completed reload, in  0.735 seconds
Platform modules already initialized, skipping
Refreshing native plugins compatible for Editor in 0.25 ms, found 0 plugins.
Preloading 0 native plugins for Editor in 0.00 ms.
Unloading 1100 Unused Serialized files (Serialized files now loaded: 0)
System memory in use before: 81.4 MB.
System memory in use after: 81.5 MB.

Unloading 4 unused Assets to reduce memory usage. Loaded Objects now: 1615.
Total: 1.712600 ms (FindLiveObjects: 0.249000 ms CreateObjectMapping: 0.036600 ms MarkObjects: 1.414000 ms  DeleteObjects: 0.012000 ms)

========================================================================
Received Import Request.
  Time since last request: 555.727724 seconds.
  path: Assets/Materials
  artifactKey: Guid(383f918360236c541be40dfacba8d870) Importer(815301076,1909f56bfc062723c751e8b465ee728b)
Start importing Assets/Materials using Guid(383f918360236c541be40dfacba8d870) Importer(815301076,1909f56bfc062723c751e8b465ee728b)  -> (artifact id: '5bc7896df419a8a460e29078be1f1aca') in 0.010034 seconds
  Import took 0.012230 seconds .

========================================================================
Received Import Request.
  Time since last request: 1.641668 seconds.
  path: Assets/Scripts
  artifactKey: Guid(27e5b49b2e5ba534fbe1d81769d44ede) Importer(815301076,1909f56bfc062723c751e8b465ee728b)
Start importing Assets/Scripts using Guid(27e5b49b2e5ba534fbe1d81769d44ede) Importer(815301076,1909f56bfc062723c751e8b465ee728b)  -> (artifact id: '18145b841623fdb7a47d62b91d1f7ef4') in 0.007504 seconds
  Import took 0.009713 seconds .

========================================================================
Received Import Request.
  Time since last request: 2.861692 seconds.
  path: Assets/Prefabs
  artifactKey: Guid(1cf5b2273bd51c344ba5177aa40756cd) Importer(815301076,1909f56bfc062723c751e8b465ee728b)
Start importing Assets/Prefabs using Guid(1cf5b2273bd51c344ba5177aa40756cd) Importer(815301076,1909f56bfc062723c751e8b465ee728b)  -> (artifact id: '55953abbd383f608924df1bf36fe2ca8') in 0.008303 seconds
  Import took 0.010673 seconds .

========================================================================
Received Prepare
Registering precompiled user dll's ...
Registered in 0.000686 seconds.
Begin MonoManager ReloadAssembly
Native extension for WindowsStandalone target not found
Refreshing native plugins compatible for Editor in 0.33 ms, found 0 plugins.
Preloading 0 native plugins for Editor in 0.00 ms.
Invoked RoslynAnalysisRunner static constructor.
RoslynAnalysisRunner will not be running.
RoslynAnalysisRunner has terminated.
Mono: successfully reloaded assembly
- Completed reload, in  0.688 seconds
Platform modules already initialized, skipping
Refreshing native plugins compatible for Editor in 0.26 ms, found 0 plugins.
Preloading 0 native plugins for Editor in 0.00 ms.
Unloading 1100 Unused Serialized files (Serialized files now loaded: 0)
System memory in use before: 81.6 MB.
System memory in use after: 81.7 MB.

Unloading 4 unused Assets to reduce memory usage. Loaded Objects now: 1617.
Total: 1.515200 ms (FindLiveObjects: 0.159700 ms CreateObjectMapping: 0.025600 ms MarkObjects: 1.317100 ms  DeleteObjects: 0.011700 ms)

========================================================================
Received Import Request.
  Time since last request: 23.080533 seconds.
  path: Assets/Prefabs/First Person Player.prefab
  artifactKey: Guid(e7ef46276dbfe3749940c9f486f0ca65) Importer(815301076,1909f56bfc062723c751e8b465ee728b)
Start importing Assets/Prefabs/First Person Player.prefab using Guid(e7ef46276dbfe3749940c9f486f0ca65) Importer(815301076,1909f56bfc062723c751e8b465ee728b)  -> (artifact id: '4a73b6ebfa790b48dfbf2f537372480a') in 0.058755 seconds
  Import took 0.060880 seconds .

========================================================================
Received Import Request.
  Time since last request: 5.737380 seconds.
  path: Assets/Prefabs/First Person Player.prefab
  artifactKey: Guid(e7ef46276dbfe3749940c9f486f0ca65) Importer(815301076,1909f56bfc062723c751e8b465ee728b)
Start importing Assets/Prefabs/First Person Player.prefab using Guid(e7ef46276dbfe3749940c9f486f0ca65) Importer(815301076,1909f56bfc062723c751e8b465ee728b)  -> (artifact id: '62c94709b89b9db2c61971f1c7dadc8b') in 0.010315 seconds
  Import took 0.012813 seconds .

========================================================================
Received Import Request.
  Time since last request: 0.003623 seconds.
  path: Assets/Prefabs/First Person Player.prefab
  artifactKey: Guid(e7ef46276dbfe3749940c9f486f0ca65) Importer(815301076,1909f56bfc062723c751e8b465ee728b)
Start importing Assets/Prefabs/First Person Player.prefab using Guid(e7ef46276dbfe3749940c9f486f0ca65) Importer(815301076,1909f56bfc062723c751e8b465ee728b)  -> (artifact id: '62c94709b89b9db2c61971f1c7dadc8b') in 0.008115 seconds
  Import took 0.010486 seconds .

========================================================================
Received Import Request.
  Time since last request: 7.868074 seconds.
  path: Assets/Prefabs/First Person Player.prefab
  artifactKey: Guid(e7ef46276dbfe3749940c9f486f0ca65) Importer(815301076,1909f56bfc062723c751e8b465ee728b)
Start importing Assets/Prefabs/First Person Player.prefab using Guid(e7ef46276dbfe3749940c9f486f0ca65) Importer(815301076,1909f56bfc062723c751e8b465ee728b)  -> (artifact id: 'c27c3d7990eb222c1a6f0629912702c5') in 0.010608 seconds
  Import took 0.013004 seconds .

========================================================================
Received Import Request.
  Time since last request: 0.003195 seconds.
  path: Assets/Prefabs/First Person Player.prefab
  artifactKey: Guid(e7ef46276dbfe3749940c9f486f0ca65) Importer(815301076,1909f56bfc062723c751e8b465ee728b)
Start importing Assets/Prefabs/First Person Player.prefab using Guid(e7ef46276dbfe3749940c9f486f0ca65) Importer(815301076,1909f56bfc062723c751e8b465ee728b)  -> (artifact id: 'c27c3d7990eb222c1a6f0629912702c5') in 0.009391 seconds
  Import took 0.011796 seconds .

========================================================================
Received Import Request.
  Time since last request: 6.899944 seconds.
  path: Assets/Prefabs/First Person Player.prefab
  artifactKey: Guid(e7ef46276dbfe3749940c9f486f0ca65) Importer(815301076,1909f56bfc062723c751e8b465ee728b)
Start importing Assets/Prefabs/First Person Player.prefab using Guid(e7ef46276dbfe3749940c9f486f0ca65) Importer(815301076,1909f56bfc062723c751e8b465ee728b)  -> (artifact id: '39f61a9ac4c6c19755e3508e3bfc961a') in 0.009029 seconds
  Import took 0.011375 seconds .

========================================================================
Received Import Request.
  Time since last request: 0.002964 seconds.
  path: Assets/Prefabs/First Person Player.prefab
  artifactKey: Guid(e7ef46276dbfe3749940c9f486f0ca65) Importer(815301076,1909f56bfc062723c751e8b465ee728b)
Start importing Assets/Prefabs/First Person Player.prefab using Guid(e7ef46276dbfe3749940c9f486f0ca65) Importer(815301076,1909f56bfc062723c751e8b465ee728b)  -> (artifact id: '39f61a9ac4c6c19755e3508e3bfc961a') in 0.007682 seconds
  Import took 0.009909 seconds .

========================================================================
Received Import Request.
  Time since last request: 11.575614 seconds.
  path: Assets/Prefabs/First Person Player.prefab
  artifactKey: Guid(e7ef46276dbfe3749940c9f486f0ca65) Importer(815301076,1909f56bfc062723c751e8b465ee728b)
Start importing Assets/Prefabs/First Person Player.prefab using Guid(e7ef46276dbfe3749940c9f486f0ca65) Importer(815301076,1909f56bfc062723c751e8b465ee728b)  -> (artifact id: '7ab7383988051fd55b914a813a8204fa') in 0.007759 seconds
  Import took 0.010018 seconds .

========================================================================
Received Import Request.
  Time since last request: 0.007825 seconds.
  path: Assets/Prefabs/First Person Player.prefab
  artifactKey: Guid(e7ef46276dbfe3749940c9f486f0ca65) Importer(815301076,1909f56bfc062723c751e8b465ee728b)
Start importing Assets/Prefabs/First Person Player.prefab using Guid(e7ef46276dbfe3749940c9f486f0ca65) Importer(815301076,1909f56bfc062723c751e8b465ee728b)  -> (artifact id: '7ab7383988051fd55b914a813a8204fa') in 0.007596 seconds
  Import took 0.009687 seconds .

========================================================================
Received Prepare
Registering precompiled user dll's ...
Registered in 0.001034 seconds.
Begin MonoManager ReloadAssembly
Native extension for WindowsStandalone target not found
Refreshing native plugins compatible for Editor in 0.25 ms, found 0 plugins.
Preloading 0 native plugins for Editor in 0.00 ms.
Invoked RoslynAnalysisRunner static constructor.
RoslynAnalysisRunner will not be running.
RoslynAnalysisRunner has terminated.
Mono: successfully reloaded assembly
- Completed reload, in  0.676 seconds
Platform modules already initialized, skipping
Refreshing native plugins compatible for Editor in 0.25 ms, found 0 plugins.
Preloading 0 native plugins for Editor in 0.00 ms.
Unloading 1100 Unused Serialized files (Serialized files now loaded: 0)
System memory in use before: 81.4 MB.
System memory in use after: 81.5 MB.

Unloading 6 unused Assets to reduce memory usage. Loaded Objects now: 1620.
Total: 1.740900 ms (FindLiveObjects: 0.149400 ms CreateObjectMapping: 0.025900 ms MarkObjects: 1.541000 ms  DeleteObjects: 0.023400 ms)

========================================================================
Received Import Request.
  Time since last request: 29.436607 seconds.
  path: Assets/Prefabs/First Person Player.prefab
  artifactKey: Guid(e7ef46276dbfe3749940c9f486f0ca65) Importer(815301076,1909f56bfc062723c751e8b465ee728b)
Start importing Assets/Prefabs/First Person Player.prefab using Guid(e7ef46276dbfe3749940c9f486f0ca65) Importer(815301076,1909f56bfc062723c751e8b465ee728b)  -> (artifact id: 'b14b3ba41ca214e276b5cd2d5055c88a') in 0.057300 seconds
  Import took 0.059606 seconds .

========================================================================
Received Prepare
Registering precompiled user dll's ...
Registered in 0.000797 seconds.
Begin MonoManager ReloadAssembly
Native extension for WindowsStandalone target not found
Refreshing native plugins compatible for Editor in 0.25 ms, found 0 plugins.
Preloading 0 native plugins for Editor in 0.00 ms.
Invoked RoslynAnalysisRunner static constructor.
RoslynAnalysisRunner will not be running.
RoslynAnalysisRunner has terminated.
Mono: successfully reloaded assembly
- Completed reload, in  0.681 seconds
Platform modules already initialized, skipping
Refreshing native plugins compatible for Editor in 0.25 ms, found 0 plugins.
Preloading 0 native plugins for Editor in 0.00 ms.
Unloading 1100 Unused Serialized files (Serialized files now loaded: 0)
System memory in use before: 81.6 MB.
System memory in use after: 81.7 MB.

Unloading 6 unused Assets to reduce memory usage. Loaded Objects now: 1623.
Total: 1.871500 ms (FindLiveObjects: 0.164400 ms CreateObjectMapping: 0.027400 ms MarkObjects: 1.651400 ms  DeleteObjects: 0.027100 ms)

========================================================================
Received Import Request.
  Time since last request: 116.970956 seconds.
  path: Assets/Scenes/_Level0.unity
  artifactKey: Guid(43813e01a79e6c94cb97e63695201d83) Importer(815301076,1909f56bfc062723c751e8b465ee728b)
Start importing Assets/Scenes/_Level0.unity using Guid(43813e01a79e6c94cb97e63695201d83) Importer(815301076,1909f56bfc062723c751e8b465ee728b)  -> (artifact id: '5463487b1232d35013e303c11759bdf7') in 0.009454 seconds
  Import took 0.011643 seconds .

========================================================================
Received Prepare
Registering precompiled user dll's ...
Registered in 0.000665 seconds.
Begin MonoManager ReloadAssembly
Native extension for WindowsStandalone target not found
Refreshing native plugins compatible for Editor in 0.25 ms, found 0 plugins.
Preloading 0 native plugins for Editor in 0.00 ms.
Invoked RoslynAnalysisRunner static constructor.
RoslynAnalysisRunner will not be running.
RoslynAnalysisRunner has terminated.
Mono: successfully reloaded assembly
- Completed reload, in  0.680 seconds
Platform modules already initialized, skipping
Refreshing native plugins compatible for Editor in 0.25 ms, found 0 plugins.
Preloading 0 native plugins for Editor in 0.00 ms.
Unloading 1100 Unused Serialized files (Serialized files now loaded: 0)
System memory in use before: 81.4 MB.
System memory in use after: 81.5 MB.

Unloading 4 unused Assets to reduce memory usage. Loaded Objects now: 1625.
Total: 1.539300 ms (FindLiveObjects: 0.147800 ms CreateObjectMapping: 0.025900 ms MarkObjects: 1.352800 ms  DeleteObjects: 0.011500 ms)

========================================================================
Received Import Request.
  Time since last request: 30.740522 seconds.
  path: Assets/Prefabs/First Person Player.prefab
  artifactKey: Guid(e7ef46276dbfe3749940c9f486f0ca65) Importer(815301076,1909f56bfc062723c751e8b465ee728b)
Start importing Assets/Prefabs/First Person Player.prefab using Guid(e7ef46276dbfe3749940c9f486f0ca65) Importer(815301076,1909f56bfc062723c751e8b465ee728b)  -> (artifact id: 'd2f618b04a8c959a41fe28e17db827d1') in 0.057384 seconds
  Import took 0.059656 seconds .

========================================================================
Received Import Request.
  Time since last request: 2.431352 seconds.
  path: Assets/Prefabs/First Person Player.prefab
  artifactKey: Guid(e7ef46276dbfe3749940c9f486f0ca65) Importer(815301076,1909f56bfc062723c751e8b465ee728b)
Start importing Assets/Prefabs/First Person Player.prefab using Guid(e7ef46276dbfe3749940c9f486f0ca65) Importer(815301076,1909f56bfc062723c751e8b465ee728b)  -> (artifact id: '51f57f417a6af40d0175ff5944e40c1a') in 0.013237 seconds
  Import took 0.016217 seconds .

========================================================================
Received Import Request.
  Time since last request: 0.005019 seconds.
  path: Assets/Prefabs/First Person Player.prefab
  artifactKey: Guid(e7ef46276dbfe3749940c9f486f0ca65) Importer(815301076,1909f56bfc062723c751e8b465ee728b)
Start importing Assets/Prefabs/First Person Player.prefab using Guid(e7ef46276dbfe3749940c9f486f0ca65) Importer(815301076,1909f56bfc062723c751e8b465ee728b)  -> (artifact id: '51f57f417a6af40d0175ff5944e40c1a') in 0.008782 seconds
  Import took 0.011674 seconds .

========================================================================
Received Prepare
Registering precompiled user dll's ...
Registered in 0.000708 seconds.
Begin MonoManager ReloadAssembly
Native extension for WindowsStandalone target not found
Refreshing native plugins compatible for Editor in 0.31 ms, found 0 plugins.
Preloading 0 native plugins for Editor in 0.00 ms.
Invoked RoslynAnalysisRunner static constructor.
RoslynAnalysisRunner will not be running.
RoslynAnalysisRunner has terminated.
Mono: successfully reloaded assembly
- Completed reload, in  0.749 seconds
Platform modules already initialized, skipping
Refreshing native plugins compatible for Editor in 0.43 ms, found 0 plugins.
Preloading 0 native plugins for Editor in 0.00 ms.
Unloading 1100 Unused Serialized files (Serialized files now loaded: 0)
System memory in use before: 81.7 MB.
System memory in use after: 81.8 MB.

Unloading 6 unused Assets to reduce memory usage. Loaded Objects now: 1628.
Total: 2.131300 ms (FindLiveObjects: 0.264700 ms CreateObjectMapping: 0.040900 ms MarkObjects: 1.800000 ms  DeleteObjects: 0.024400 ms)

========================================================================
Received Import Request.
  Time since last request: 75.870944 seconds.
  path: Assets/Scripts/PullableController.cs
  artifactKey: Guid(5268833e73fb91d46b798416c32b4cf2) Importer(815301076,1909f56bfc062723c751e8b465ee728b)
Start importing Assets/Scripts/PullableController.cs using Guid(5268833e73fb91d46b798416c32b4cf2) Importer(815301076,1909f56bfc062723c751e8b465ee728b)  -> (artifact id: 'fcb74467cbc90736103d8e3414e0b448') in 0.008694 seconds
  Import took 0.011044 seconds .

========================================================================
Received Import Request.
  Time since last request: 108.796061 seconds.
  path: ProjectSettings/TagManager.asset
  artifactKey: Guid(00000000000000003000000000000000) Importer(815301076,1909f56bfc062723c751e8b465ee728b)
Start importing ProjectSettings/TagManager.asset using Guid(00000000000000003000000000000000) Importer(815301076,1909f56bfc062723c751e8b465ee728b)  -> (artifact id: '57e4a145bd4c338bd1434a5daebf2d6e') in 0.015918 seconds
  Import took 0.018386 seconds .

========================================================================
Received Import Request.
  Time since last request: 13.840230 seconds.
  path: Assets/Prefabs/First Person Player.prefab
  artifactKey: Guid(e7ef46276dbfe3749940c9f486f0ca65) Importer(815301076,1909f56bfc062723c751e8b465ee728b)
Start importing Assets/Prefabs/First Person Player.prefab using Guid(e7ef46276dbfe3749940c9f486f0ca65) Importer(815301076,1909f56bfc062723c751e8b465ee728b)  -> (artifact id: 'ce0a3bfc7ac1ac2b10c74561a7120867') in 0.054966 seconds
  Import took 0.057273 seconds .

========================================================================
Received Import Request.
  Time since last request: 8.999869 seconds.
  path: Assets/Prefabs/First Person Player.prefab
  artifactKey: Guid(e7ef46276dbfe3749940c9f486f0ca65) Importer(815301076,1909f56bfc062723c751e8b465ee728b)
Start importing Assets/Prefabs/First Person Player.prefab using Guid(e7ef46276dbfe3749940c9f486f0ca65) Importer(815301076,1909f56bfc062723c751e8b465ee728b)  -> (artifact id: '3d670c25811c47785297e678dc691033') in 0.008577 seconds
  Import took 0.010997 seconds .

========================================================================
Received Prepare
Registering precompiled user dll's ...
Registered in 0.000829 seconds.
Begin MonoManager ReloadAssembly
Native extension for WindowsStandalone target not found
Refreshing native plugins compatible for Editor in 0.36 ms, found 0 plugins.
Preloading 0 native plugins for Editor in 0.00 ms.
Invoked RoslynAnalysisRunner static constructor.
RoslynAnalysisRunner will not be running.
RoslynAnalysisRunner has terminated.
Mono: successfully reloaded assembly
- Completed reload, in  0.785 seconds
Platform modules already initialized, skipping
Refreshing native plugins compatible for Editor in 0.26 ms, found 0 plugins.
Preloading 0 native plugins for Editor in 0.00 ms.
Unloading 1100 Unused Serialized files (Serialized files now loaded: 0)
System memory in use before: 81.4 MB.
System memory in use after: 81.5 MB.

Unloading 7 unused Assets to reduce memory usage. Loaded Objects now: 1631.
Total: 1.852600 ms (FindLiveObjects: 0.193700 ms CreateObjectMapping: 0.030300 ms MarkObjects: 1.602300 ms  DeleteObjects: 0.025200 ms)

========================================================================
Received Prepare
Registering precompiled user dll's ...
Registered in 0.000906 seconds.
Begin MonoManager ReloadAssembly
Native extension for WindowsStandalone target not found
Refreshing native plugins compatible for Editor in 0.33 ms, found 0 plugins.
Preloading 0 native plugins for Editor in 0.00 ms.
Invoked RoslynAnalysisRunner static constructor.
RoslynAnalysisRunner will not be running.
RoslynAnalysisRunner has terminated.
Mono: successfully reloaded assembly
- Completed reload, in  0.773 seconds
Platform modules already initialized, skipping
Refreshing native plugins compatible for Editor in 0.27 ms, found 0 plugins.
Preloading 0 native plugins for Editor in 0.00 ms.
Unloading 1100 Unused Serialized files (Serialized files now loaded: 0)
System memory in use before: 81.7 MB.
System memory in use after: 81.8 MB.

Unloading 4 unused Assets to reduce memory usage. Loaded Objects now: 1633.
Total: 2.345800 ms (FindLiveObjects: 0.231300 ms CreateObjectMapping: 0.027000 ms MarkObjects: 2.070000 ms  DeleteObjects: 0.016200 ms)

========================================================================
Received Import Request.
  Time since last request: 171.061688 seconds.
  path: Assets/Prefabs/First Person Player.prefab
  artifactKey: Guid(e7ef46276dbfe3749940c9f486f0ca65) Importer(815301076,1909f56bfc062723c751e8b465ee728b)
Start importing Assets/Prefabs/First Person Player.prefab using Guid(e7ef46276dbfe3749940c9f486f0ca65) Importer(815301076,1909f56bfc062723c751e8b465ee728b)  -> (artifact id: '61c70f0e3135b982a3ca04b10692dcb7') in 0.069101 seconds
  Import took 0.071513 seconds .

========================================================================
Received Prepare
Registering precompiled user dll's ...
Registered in 0.000594 seconds.
Begin MonoManager ReloadAssembly
Native extension for WindowsStandalone target not found
Refreshing native plugins compatible for Editor in 0.25 ms, found 0 plugins.
Preloading 0 native plugins for Editor in 0.00 ms.
Invoked RoslynAnalysisRunner static constructor.
RoslynAnalysisRunner will not be running.
RoslynAnalysisRunner has terminated.
Mono: successfully reloaded assembly
- Completed reload, in  0.694 seconds
Platform modules already initialized, skipping
Refreshing native plugins compatible for Editor in 0.27 ms, found 0 plugins.
Preloading 0 native plugins for Editor in 0.00 ms.
Unloading 1100 Unused Serialized files (Serialized files now loaded: 0)
System memory in use before: 81.4 MB.
System memory in use after: 81.5 MB.

Unloading 6 unused Assets to reduce memory usage. Loaded Objects now: 1636.
Total: 1.559100 ms (FindLiveObjects: 0.159500 ms CreateObjectMapping: 0.025600 ms MarkObjects: 1.352200 ms  DeleteObjects: 0.020900 ms)

========================================================================
Received Prepare
Registering precompiled user dll's ...
Registered in 0.000600 seconds.
Begin MonoManager ReloadAssembly
Native extension for WindowsStandalone target not found
Refreshing native plugins compatible for Editor in 0.30 ms, found 0 plugins.
Preloading 0 native plugins for Editor in 0.00 ms.
Invoked RoslynAnalysisRunner static constructor.
RoslynAnalysisRunner will not be running.
RoslynAnalysisRunner has terminated.
Mono: successfully reloaded assembly
- Completed reload, in  0.765 seconds
Platform modules already initialized, skipping
Refreshing native plugins compatible for Editor in 0.33 ms, found 0 plugins.
Preloading 0 native plugins for Editor in 0.00 ms.
Unloading 1100 Unused Serialized files (Serialized files now loaded: 0)
System memory in use before: 81.7 MB.
System memory in use after: 81.8 MB.

Unloading 4 unused Assets to reduce memory usage. Loaded Objects now: 1638.
Total: 1.665500 ms (FindLiveObjects: 0.188800 ms CreateObjectMapping: 0.027100 ms MarkObjects: 1.436800 ms  DeleteObjects: 0.011600 ms)

========================================================================
Received Import Request.
  Time since last request: 153.267727 seconds.
  path: Assets/Prefabs/First Person Player.prefab
  artifactKey: Guid(e7ef46276dbfe3749940c9f486f0ca65) Importer(815301076,1909f56bfc062723c751e8b465ee728b)
Start importing Assets/Prefabs/First Person Player.prefab using Guid(e7ef46276dbfe3749940c9f486f0ca65) Importer(815301076,1909f56bfc062723c751e8b465ee728b)  -> (artifact id: 'a012b98157998727147500f7a6489e0b') in 0.065651 seconds
  Import took 0.068244 seconds .

========================================================================
Received Import Request.
  Time since last request: 84.415211 seconds.
  path: Assets/Scripts/LevelSelect.cs
  artifactKey: Guid(63093224e9619014f9e789df2433774f) Importer(815301076,1909f56bfc062723c751e8b465ee728b)
Start importing Assets/Scripts/LevelSelect.cs using Guid(63093224e9619014f9e789df2433774f) Importer(815301076,1909f56bfc062723c751e8b465ee728b)  -> (artifact id: '28b23ffc315bd98015519ed818dd2f0f') in 0.007687 seconds
  Import took 0.010193 seconds .

========================================================================
Received Import Request.
  Time since last request: 3.003159 seconds.
  path: Assets/Scripts/TauGun.cs
  artifactKey: Guid(c7670cbf014e49044bab9a819dfff660) Importer(815301076,1909f56bfc062723c751e8b465ee728b)
Start importing Assets/Scripts/TauGun.cs using Guid(c7670cbf014e49044bab9a819dfff660) Importer(815301076,1909f56bfc062723c751e8b465ee728b)  -> (artifact id: '4ab4ec82f239779cd8c9c8199cbb5bc0') in 0.001739 seconds
  Import took 0.003747 seconds .

========================================================================
Received Import Request.
  Time since last request: 0.001565 seconds.
  path: Assets/Scripts/TauGun.cs
  artifactKey: Guid(c7670cbf014e49044bab9a819dfff660) Importer(815301076,1909f56bfc062723c751e8b465ee728b)
Start importing Assets/Scripts/TauGun.cs using Guid(c7670cbf014e49044bab9a819dfff660) Importer(815301076,1909f56bfc062723c751e8b465ee728b)  -> (artifact id: '4ab4ec82f239779cd8c9c8199cbb5bc0') in 0.001661 seconds
  Import took 0.003374 seconds .

========================================================================
Received Prepare
Registering precompiled user dll's ...
Registered in 0.000846 seconds.
Begin MonoManager ReloadAssembly
Native extension for WindowsStandalone target not found
Refreshing native plugins compatible for Editor in 0.29 ms, found 0 plugins.
Preloading 0 native plugins for Editor in 0.00 ms.
Invoked RoslynAnalysisRunner static constructor.
RoslynAnalysisRunner will not be running.
RoslynAnalysisRunner has terminated.
Mono: successfully reloaded assembly
- Completed reload, in  0.736 seconds
Platform modules already initialized, skipping
Refreshing native plugins compatible for Editor in 0.31 ms, found 0 plugins.
Preloading 0 native plugins for Editor in 0.00 ms.
Unloading 1100 Unused Serialized files (Serialized files now loaded: 0)
System memory in use before: 81.4 MB.
System memory in use after: 81.5 MB.

Unloading 6 unused Assets to reduce memory usage. Loaded Objects now: 1641.
Total: 1.933100 ms (FindLiveObjects: 0.186900 ms CreateObjectMapping: 0.032900 ms MarkObjects: 1.679000 ms  DeleteObjects: 0.032600 ms)

========================================================================
Received Prepare
Registering precompiled user dll's ...
Registered in 0.000545 seconds.
Begin MonoManager ReloadAssembly
Native extension for WindowsStandalone target not found
Refreshing native plugins compatible for Editor in 0.25 ms, found 0 plugins.
Preloading 0 native plugins for Editor in 0.00 ms.
Invoked RoslynAnalysisRunner static constructor.
RoslynAnalysisRunner will not be running.
RoslynAnalysisRunner has terminated.
Mono: successfully reloaded assembly
- Completed reload, in  0.716 seconds
Platform modules already initialized, skipping
Refreshing native plugins compatible for Editor in 0.25 ms, found 0 plugins.
Preloading 0 native plugins for Editor in 0.00 ms.
Unloading 1100 Unused Serialized files (Serialized files now loaded: 0)
System memory in use before: 81.7 MB.
System memory in use after: 81.8 MB.

Unloading 4 unused Assets to reduce memory usage. Loaded Objects now: 1643.
Total: 1.842300 ms (FindLiveObjects: 0.184500 ms CreateObjectMapping: 0.028800 ms MarkObjects: 1.616000 ms  DeleteObjects: 0.012200 ms)

========================================================================
Received Prepare
Registering precompiled user dll's ...
Registered in 0.000764 seconds.
Begin MonoManager ReloadAssembly
Native extension for WindowsStandalone target not found
Refreshing native plugins compatible for Editor in 0.28 ms, found 0 plugins.
Preloading 0 native plugins for Editor in 0.00 ms.
Invoked RoslynAnalysisRunner static constructor.
RoslynAnalysisRunner will not be running.
RoslynAnalysisRunner has terminated.
Mono: successfully reloaded assembly
- Completed reload, in  0.738 seconds
Platform modules already initialized, skipping
Refreshing native plugins compatible for Editor in 0.30 ms, found 0 plugins.
Preloading 0 native plugins for Editor in 0.00 ms.
Unloading 1100 Unused Serialized files (Serialized files now loaded: 0)
System memory in use before: 81.3 MB.
System memory in use after: 81.4 MB.

Unloading 4 unused Assets to reduce memory usage. Loaded Objects now: 1645.
Total: 1.591000 ms (FindLiveObjects: 0.191700 ms CreateObjectMapping: 0.028800 ms MarkObjects: 1.357500 ms  DeleteObjects: 0.012100 ms)

========================================================================
Received Prepare
Registering precompiled user dll's ...
Registered in 0.000776 seconds.
Begin MonoManager ReloadAssembly
Native extension for WindowsStandalone target not found
Refreshing native plugins compatible for Editor in 0.30 ms, found 0 plugins.
Preloading 0 native plugins for Editor in 0.00 ms.
Invoked RoslynAnalysisRunner static constructor.
RoslynAnalysisRunner will not be running.
RoslynAnalysisRunner has terminated.
Mono: successfully reloaded assembly
- Completed reload, in  0.689 seconds
Platform modules already initialized, skipping
Refreshing native plugins compatible for Editor in 0.25 ms, found 0 plugins.
Preloading 0 native plugins for Editor in 0.00 ms.
Unloading 1100 Unused Serialized files (Serialized files now loaded: 0)
System memory in use before: 81.7 MB.
System memory in use after: 81.8 MB.

Unloading 4 unused Assets to reduce memory usage. Loaded Objects now: 1647.
Total: 1.652200 ms (FindLiveObjects: 0.179000 ms CreateObjectMapping: 0.025900 ms MarkObjects: 1.433300 ms  DeleteObjects: 0.013000 ms)

========================================================================
Received Import Request.
  Time since last request: 100.522101 seconds.
  path: Assets/Prefabs/First Person Player.prefab
  artifactKey: Guid(e7ef46276dbfe3749940c9f486f0ca65) Importer(815301076,1909f56bfc062723c751e8b465ee728b)
Start importing Assets/Prefabs/First Person Player.prefab using Guid(e7ef46276dbfe3749940c9f486f0ca65) Importer(815301076,1909f56bfc062723c751e8b465ee728b)  -> (artifact id: 'de0b1ae1e94b018c606916e92105544c') in 0.062018 seconds
  Import took 0.064377 seconds .

========================================================================
Received Import Request.
  Time since last request: 8.889323 seconds.
  path: Assets/Prefabs/First Person Player.prefab
  artifactKey: Guid(e7ef46276dbfe3749940c9f486f0ca65) Importer(815301076,1909f56bfc062723c751e8b465ee728b)
Start importing Assets/Prefabs/First Person Player.prefab using Guid(e7ef46276dbfe3749940c9f486f0ca65) Importer(815301076,1909f56bfc062723c751e8b465ee728b)  -> (artifact id: '24878c8dee92535f6301994ec136d7a8') in 0.007849 seconds
  Import took 0.010243 seconds .

========================================================================
Received Prepare
Registering precompiled user dll's ...
Registered in 0.001069 seconds.
Begin MonoManager ReloadAssembly
Native extension for WindowsStandalone target not found
Refreshing native plugins compatible for Editor in 0.25 ms, found 0 plugins.
Preloading 0 native plugins for Editor in 0.00 ms.
Invoked RoslynAnalysisRunner static constructor.
RoslynAnalysisRunner will not be running.
RoslynAnalysisRunner has terminated.
Mono: successfully reloaded assembly
- Completed reload, in  0.697 seconds
Platform modules already initialized, skipping
Refreshing native plugins compatible for Editor in 0.26 ms, found 0 plugins.
Preloading 0 native plugins for Editor in 0.00 ms.
Unloading 1100 Unused Serialized files (Serialized files now loaded: 0)
System memory in use before: 81.3 MB.
System memory in use after: 81.4 MB.

Unloading 6 unused Assets to reduce memory usage. Loaded Objects now: 1650.
Total: 1.569900 ms (FindLiveObjects: 0.168000 ms CreateObjectMapping: 0.026400 ms MarkObjects: 1.350100 ms  DeleteObjects: 0.024200 ms)

========================================================================
Received Prepare
Registering precompiled user dll's ...
Registered in 0.000656 seconds.
Begin MonoManager ReloadAssembly
Native extension for WindowsStandalone target not found
Refreshing native plugins compatible for Editor in 0.27 ms, found 0 plugins.
Preloading 0 native plugins for Editor in 0.00 ms.
Invoked RoslynAnalysisRunner static constructor.
RoslynAnalysisRunner will not be running.
RoslynAnalysisRunner has terminated.
Mono: successfully reloaded assembly
- Completed reload, in  0.764 seconds
Platform modules already initialized, skipping
Refreshing native plugins compatible for Editor in 0.31 ms, found 0 plugins.
Preloading 0 native plugins for Editor in 0.00 ms.
Unloading 1100 Unused Serialized files (Serialized files now loaded: 0)
System memory in use before: 81.7 MB.
System memory in use after: 81.8 MB.

Unloading 4 unused Assets to reduce memory usage. Loaded Objects now: 1652.
Total: 2.014600 ms (FindLiveObjects: 0.200300 ms CreateObjectMapping: 0.028600 ms MarkObjects: 1.770700 ms  DeleteObjects: 0.013900 ms)

========================================================================
Received Import Request.
  Time since last request: 224.105685 seconds.
  path: Assets/Prefabs/First Person Player.prefab
  artifactKey: Guid(e7ef46276dbfe3749940c9f486f0ca65) Importer(815301076,1909f56bfc062723c751e8b465ee728b)
Start importing Assets/Prefabs/First Person Player.prefab using Guid(e7ef46276dbfe3749940c9f486f0ca65) Importer(815301076,1909f56bfc062723c751e8b465ee728b)  -> (artifact id: 'ff7d7fcc31bef9f184518d9156e596ba') in 0.063447 seconds
  Import took 0.065943 seconds .

========================================================================
Received Import Request.
  Time since last request: 14.043320 seconds.
  path: Assets/Prefabs/First Person Player.prefab
  artifactKey: Guid(e7ef46276dbfe3749940c9f486f0ca65) Importer(815301076,1909f56bfc062723c751e8b465ee728b)
Start importing Assets/Prefabs/First Person Player.prefab using Guid(e7ef46276dbfe3749940c9f486f0ca65) Importer(815301076,1909f56bfc062723c751e8b465ee728b)  -> (artifact id: '191b08e12d78ece023b1e5147587232d') in 0.008195 seconds
  Import took 0.010566 seconds .

========================================================================
Received Prepare
Registering precompiled user dll's ...
Registered in 0.000738 seconds.
Begin MonoManager ReloadAssembly
Native extension for WindowsStandalone target not found
Refreshing native plugins compatible for Editor in 0.30 ms, found 0 plugins.
Preloading 0 native plugins for Editor in 0.00 ms.
Invoked RoslynAnalysisRunner static constructor.
RoslynAnalysisRunner will not be running.
RoslynAnalysisRunner has terminated.
Mono: successfully reloaded assembly
- Completed reload, in  0.751 seconds
Platform modules already initialized, skipping
Refreshing native plugins compatible for Editor in 0.28 ms, found 0 plugins.
Preloading 0 native plugins for Editor in 0.00 ms.
Unloading 1100 Unused Serialized files (Serialized files now loaded: 0)
System memory in use before: 81.3 MB.
System memory in use after: 81.4 MB.

Unloading 6 unused Assets to reduce memory usage. Loaded Objects now: 1655.
Total: 1.834400 ms (FindLiveObjects: 0.264100 ms CreateObjectMapping: 0.037200 ms MarkObjects: 1.507400 ms  DeleteObjects: 0.024800 ms)

========================================================================
Received Import Request.
  Time since last request: 16.958018 seconds.
  path: Assets/Prefabs/First Person Player.prefab
  artifactKey: Guid(e7ef46276dbfe3749940c9f486f0ca65) Importer(815301076,1909f56bfc062723c751e8b465ee728b)
Start importing Assets/Prefabs/First Person Player.prefab using Guid(e7ef46276dbfe3749940c9f486f0ca65) Importer(815301076,1909f56bfc062723c751e8b465ee728b)  -> (artifact id: '596bf925d5e3e2a1d1ec60b558e767aa') in 0.073248 seconds
  Import took 0.075911 seconds .

========================================================================
Received Import Request.
  Time since last request: 21.081800 seconds.
  path: Assets/Prefabs/First Person Player.prefab
  artifactKey: Guid(e7ef46276dbfe3749940c9f486f0ca65) Importer(815301076,1909f56bfc062723c751e8b465ee728b)
Start importing Assets/Prefabs/First Person Player.prefab using Guid(e7ef46276dbfe3749940c9f486f0ca65) Importer(815301076,1909f56bfc062723c751e8b465ee728b)  -> (artifact id: '748575d8df33bea03a4cbeb381eb2699') in 0.008857 seconds
  Import took 0.011393 seconds .

========================================================================
Received Import Request.
  Time since last request: 1.453185 seconds.
  path: Assets/Prefabs/First Person Player.prefab
  artifactKey: Guid(e7ef46276dbfe3749940c9f486f0ca65) Importer(815301076,1909f56bfc062723c751e8b465ee728b)
Start importing Assets/Prefabs/First Person Player.prefab using Guid(e7ef46276dbfe3749940c9f486f0ca65) Importer(815301076,1909f56bfc062723c751e8b465ee728b)  -> (artifact id: 'e60f7854caefd7763ef6e27ed14255ac') in 0.007781 seconds
  Import took 0.010193 seconds .

========================================================================
Received Prepare
Registering precompiled user dll's ...
Registered in 0.000865 seconds.
Begin MonoManager ReloadAssembly
Native extension for WindowsStandalone target not found
Refreshing native plugins compatible for Editor in 0.27 ms, found 0 plugins.
Preloading 0 native plugins for Editor in 0.00 ms.
Invoked RoslynAnalysisRunner static constructor.
RoslynAnalysisRunner will not be running.
RoslynAnalysisRunner has terminated.
Mono: successfully reloaded assembly
- Completed reload, in  0.685 seconds
Platform modules already initialized, skipping
Refreshing native plugins compatible for Editor in 0.26 ms, found 0 plugins.
Preloading 0 native plugins for Editor in 0.00 ms.
Unloading 1100 Unused Serialized files (Serialized files now loaded: 0)
System memory in use before: 81.8 MB.
System memory in use after: 81.9 MB.

Unloading 6 unused Assets to reduce memory usage. Loaded Objects now: 1658.
Total: 1.786700 ms (FindLiveObjects: 0.160400 ms CreateObjectMapping: 0.026300 ms MarkObjects: 1.578200 ms  DeleteObjects: 0.020800 ms)

========================================================================
Received Import Request.
  Time since last request: 80.897055 seconds.
  path: Assets/Prefabs/First Person Player.prefab
  artifactKey: Guid(e7ef46276dbfe3749940c9f486f0ca65) Importer(815301076,1909f56bfc062723c751e8b465ee728b)
Start importing Assets/Prefabs/First Person Player.prefab using Guid(e7ef46276dbfe3749940c9f486f0ca65) Importer(815301076,1909f56bfc062723c751e8b465ee728b)  -> (artifact id: '64bb22ae7dfd043225c940c053e3202b') in 0.056118 seconds
  Import took 0.058303 seconds .

========================================================================
Received Import Request.
  Time since last request: 0.468495 seconds.
  path: Assets/Prefabs/First Person Player.prefab
  artifactKey: Guid(e7ef46276dbfe3749940c9f486f0ca65) Importer(815301076,1909f56bfc062723c751e8b465ee728b)
Start importing Assets/Prefabs/First Person Player.prefab using Guid(e7ef46276dbfe3749940c9f486f0ca65) Importer(815301076,1909f56bfc062723c751e8b465ee728b)  -> (artifact id: '1d2eff4e902a19d721575fc92a833ffb') in 0.007993 seconds
  Import took 0.010160 seconds .

========================================================================
Received Prepare
Registering precompiled user dll's ...
Registered in 0.000708 seconds.
Begin MonoManager ReloadAssembly
Native extension for WindowsStandalone target not found
Refreshing native plugins compatible for Editor in 0.26 ms, found 0 plugins.
Preloading 0 native plugins for Editor in 0.00 ms.
Invoked RoslynAnalysisRunner static constructor.
RoslynAnalysisRunner will not be running.
RoslynAnalysisRunner has terminated.
Mono: successfully reloaded assembly
- Completed reload, in  0.689 seconds
Platform modules already initialized, skipping
Refreshing native plugins compatible for Editor in 0.24 ms, found 0 plugins.
Preloading 0 native plugins for Editor in 0.00 ms.
Unloading 1100 Unused Serialized files (Serialized files now loaded: 0)
System memory in use before: 81.3 MB.
System memory in use after: 81.4 MB.

Unloading 6 unused Assets to reduce memory usage. Loaded Objects now: 1661.
Total: 1.509300 ms (FindLiveObjects: 0.147900 ms CreateObjectMapping: 0.026900 ms MarkObjects: 1.312400 ms  DeleteObjects: 0.021200 ms)

========================================================================
Received Import Request.
  Time since last request: 57.690779 seconds.
  path: Assets/Prefabs/First Person Player.prefab
  artifactKey: Guid(e7ef46276dbfe3749940c9f486f0ca65) Importer(815301076,1909f56bfc062723c751e8b465ee728b)
Start importing Assets/Prefabs/First Person Player.prefab using Guid(e7ef46276dbfe3749940c9f486f0ca65) Importer(815301076,1909f56bfc062723c751e8b465ee728b)  -> (artifact id: '6d86fd2616a62474a9b870617c0203ae') in 0.057431 seconds
  Import took 0.059864 seconds .

========================================================================
Received Import Request.
  Time since last request: 3.838596 seconds.
  path: Assets/Prefabs/First Person Player.prefab
  artifactKey: Guid(e7ef46276dbfe3749940c9f486f0ca65) Importer(815301076,1909f56bfc062723c751e8b465ee728b)
Start importing Assets/Prefabs/First Person Player.prefab using Guid(e7ef46276dbfe3749940c9f486f0ca65) Importer(815301076,1909f56bfc062723c751e8b465ee728b)  -> (artifact id: '37093af50309b4366b3ea1e5a2b87d09') in 0.008586 seconds
  Import took 0.011017 seconds .

========================================================================
Received Import Request.
  Time since last request: 1.399630 seconds.
  path: Assets/Prefabs/First Person Player.prefab
  artifactKey: Guid(e7ef46276dbfe3749940c9f486f0ca65) Importer(815301076,1909f56bfc062723c751e8b465ee728b)
Start importing Assets/Prefabs/First Person Player.prefab using Guid(e7ef46276dbfe3749940c9f486f0ca65) Importer(815301076,1909f56bfc062723c751e8b465ee728b)  -> (artifact id: 'a28ebea53ec304f7584ad77f7bbd8acc') in 0.007302 seconds
  Import took 0.010431 seconds .

========================================================================
Received Import Request.
  Time since last request: 1.599371 seconds.
  path: Assets/Prefabs/First Person Player.prefab
  artifactKey: Guid(e7ef46276dbfe3749940c9f486f0ca65) Importer(815301076,1909f56bfc062723c751e8b465ee728b)
Start importing Assets/Prefabs/First Person Player.prefab using Guid(e7ef46276dbfe3749940c9f486f0ca65) Importer(815301076,1909f56bfc062723c751e8b465ee728b)  -> (artifact id: '49dbfd9bf3a135af8f89df3f69eee92f') in 0.007666 seconds
  Import took 0.010088 seconds .

========================================================================
Received Import Request.
  Time since last request: 1.483556 seconds.
  path: Assets/Prefabs/First Person Player.prefab
  artifactKey: Guid(e7ef46276dbfe3749940c9f486f0ca65) Importer(815301076,1909f56bfc062723c751e8b465ee728b)
Start importing Assets/Prefabs/First Person Player.prefab using Guid(e7ef46276dbfe3749940c9f486f0ca65) Importer(815301076,1909f56bfc062723c751e8b465ee728b)  -> (artifact id: '98f45564de32cc681044a5e6a19fcf3c') in 0.006870 seconds
  Import took 0.009138 seconds .

========================================================================
Received Prepare
Registering precompiled user dll's ...
Registered in 0.000765 seconds.
Begin MonoManager ReloadAssembly
Native extension for WindowsStandalone target not found
Refreshing native plugins compatible for Editor in 0.26 ms, found 0 plugins.
Preloading 0 native plugins for Editor in 0.00 ms.
Invoked RoslynAnalysisRunner static constructor.
RoslynAnalysisRunner will not be running.
RoslynAnalysisRunner has terminated.
Mono: successfully reloaded assembly
- Completed reload, in  0.675 seconds
Platform modules already initialized, skipping
Refreshing native plugins compatible for Editor in 0.26 ms, found 0 plugins.
Preloading 0 native plugins for Editor in 0.00 ms.
Unloading 1100 Unused Serialized files (Serialized files now loaded: 0)
System memory in use before: 81.8 MB.
System memory in use after: 81.9 MB.

Unloading 6 unused Assets to reduce memory usage. Loaded Objects now: 1664.
Total: 1.676500 ms (FindLiveObjects: 0.254300 ms CreateObjectMapping: 0.041100 ms MarkObjects: 1.357800 ms  DeleteObjects: 0.022100 ms)

========================================================================
Received Prepare
Registering precompiled user dll's ...
Registered in 0.000774 seconds.
Begin MonoManager ReloadAssembly
Native extension for WindowsStandalone target not found
Refreshing native plugins compatible for Editor in 0.26 ms, found 0 plugins.
Preloading 0 native plugins for Editor in 0.00 ms.
Invoked RoslynAnalysisRunner static constructor.
RoslynAnalysisRunner will not be running.
RoslynAnalysisRunner has terminated.
Mono: successfully reloaded assembly
- Completed reload, in  0.716 seconds
Platform modules already initialized, skipping
Refreshing native plugins compatible for Editor in 0.27 ms, found 0 plugins.
Preloading 0 native plugins for Editor in 0.00 ms.
Unloading 1100 Unused Serialized files (Serialized files now loaded: 0)
System memory in use before: 81.3 MB.
System memory in use after: 81.4 MB.

Unloading 4 unused Assets to reduce memory usage. Loaded Objects now: 1666.
Total: 1.610000 ms (FindLiveObjects: 0.182200 ms CreateObjectMapping: 0.028900 ms MarkObjects: 1.386300 ms  DeleteObjects: 0.011600 ms)

========================================================================
Received Import Request.
  Time since last request: 182.144739 seconds.
  path: Assets/Scenes/_Level0.unity
  artifactKey: Guid(43813e01a79e6c94cb97e63695201d83) Importer(815301076,1909f56bfc062723c751e8b465ee728b)
Start importing Assets/Scenes/_Level0.unity using Guid(43813e01a79e6c94cb97e63695201d83) Importer(815301076,1909f56bfc062723c751e8b465ee728b)  -> (artifact id: '3599b29dcea54a92a110960c0d737146') in 0.010212 seconds
  Import took 0.012445 seconds .

========================================================================
Received Import Request.
  Time since last request: 0.000897 seconds.
  path: Assets/Scenes/_Level0.unity
  artifactKey: Guid(43813e01a79e6c94cb97e63695201d83) Importer(815301076,1909f56bfc062723c751e8b465ee728b)
Start importing Assets/Scenes/_Level0.unity using Guid(43813e01a79e6c94cb97e63695201d83) Importer(815301076,1909f56bfc062723c751e8b465ee728b)  -> (artifact id: '3599b29dcea54a92a110960c0d737146') in 0.002207 seconds
  Import took 0.004260 seconds .

========================================================================
Received Import Request.
  Time since last request: 6.605103 seconds.
  path: Assets/Scenes/_Level3.unity
  artifactKey: Guid(f55f0290efb262e47bde12ab60bbd770) Importer(815301076,1909f56bfc062723c751e8b465ee728b)
Start importing Assets/Scenes/_Level3.unity using Guid(f55f0290efb262e47bde12ab60bbd770) Importer(815301076,1909f56bfc062723c751e8b465ee728b)  -> (artifact id: '0d866e7ca554a58664e10e2c69d2d02c') in 0.002071 seconds
  Import took 0.004176 seconds .

========================================================================
Received Import Request.
  Time since last request: 0.791117 seconds.
  path: Assets/Scenes/_Level4.unity
  artifactKey: Guid(3dc349a8dab07eb4b94da09e0a03049f) Importer(815301076,1909f56bfc062723c751e8b465ee728b)
Start importing Assets/Scenes/_Level4.unity using Guid(3dc349a8dab07eb4b94da09e0a03049f) Importer(815301076,1909f56bfc062723c751e8b465ee728b)  -> (artifact id: '30464ef5695e6f04a4638ff8d1857dea') in 0.002322 seconds
  Import took 0.004385 seconds .

========================================================================
Received Import Request.
  Time since last request: 2.592478 seconds.
  path: Assets/Scenes/_Level5.unity
  artifactKey: Guid(20b15e4509025e64db0e5354285a29ea) Importer(815301076,1909f56bfc062723c751e8b465ee728b)
Start importing Assets/Scenes/_Level5.unity using Guid(20b15e4509025e64db0e5354285a29ea) Importer(815301076,1909f56bfc062723c751e8b465ee728b)  -> (artifact id: '6d7e789fd047be9ab6da3933fb5a6408') in 0.002145 seconds
  Import took 0.004179 seconds .

========================================================================
Received Import Request.
  Time since last request: 1.638561 seconds.
  path: Assets/Scenes/LevelSelect1.unity
  artifactKey: Guid(28e9658be0b28d34ba334ea6c04cac2e) Importer(815301076,1909f56bfc062723c751e8b465ee728b)
Start importing Assets/Scenes/LevelSelect1.unity using Guid(28e9658be0b28d34ba334ea6c04cac2e) Importer(815301076,1909f56bfc062723c751e8b465ee728b)  -> (artifact id: '930dd330646f2bce28e259dd7cebd558') in 0.008754 seconds
  Import took 0.011218 seconds .

========================================================================
Received Import Request.
  Time since last request: 0.000822 seconds.
  path: Assets/Scenes/LevelSelect1.unity
  artifactKey: Guid(28e9658be0b28d34ba334ea6c04cac2e) Importer(815301076,1909f56bfc062723c751e8b465ee728b)
Start importing Assets/Scenes/LevelSelect1.unity using Guid(28e9658be0b28d34ba334ea6c04cac2e) Importer(815301076,1909f56bfc062723c751e8b465ee728b)  -> (artifact id: '930dd330646f2bce28e259dd7cebd558') in 0.002312 seconds
  Import took 0.004420 seconds .

========================================================================
Received Import Request.
  Time since last request: 0.732815 seconds.
  path: Assets/Scenes/LevelSelect2.unity
  artifactKey: Guid(4d7db5691e656674aa0f54b023618d7e) Importer(815301076,1909f56bfc062723c751e8b465ee728b)
Start importing Assets/Scenes/LevelSelect2.unity using Guid(4d7db5691e656674aa0f54b023618d7e) Importer(815301076,1909f56bfc062723c751e8b465ee728b)  -> (artifact id: '8ef00e9a13557ccdc5284bfc0be5ec45') in 0.002008 seconds
  Import took 0.004129 seconds .

========================================================================
Received Import Request.
  Time since last request: 0.581923 seconds.
  path: Assets/Scenes/LevelSelect3.unity
  artifactKey: Guid(cff9348a4b5e1ae408a8323d9312c967) Importer(815301076,1909f56bfc062723c751e8b465ee728b)
Start importing Assets/Scenes/LevelSelect3.unity using Guid(cff9348a4b5e1ae408a8323d9312c967) Importer(815301076,1909f56bfc062723c751e8b465ee728b)  -> (artifact id: '5f63b1d2cd6087ac5fcb7f057337e39e') in 0.008475 seconds
  Import took 0.010784 seconds .

========================================================================
Received Prepare
Registering precompiled user dll's ...
Registered in 0.000523 seconds.
Begin MonoManager ReloadAssembly
Native extension for WindowsStandalone target not found
Refreshing native plugins compatible for Editor in 0.25 ms, found 0 plugins.
Preloading 0 native plugins for Editor in 0.00 ms.
Invoked RoslynAnalysisRunner static constructor.
RoslynAnalysisRunner will not be running.
RoslynAnalysisRunner has terminated.
Mono: successfully reloaded assembly
- Completed reload, in  0.675 seconds
Platform modules already initialized, skipping
Refreshing native plugins compatible for Editor in 0.25 ms, found 0 plugins.
Preloading 0 native plugins for Editor in 0.00 ms.
Unloading 1100 Unused Serialized files (Serialized files now loaded: 0)
System memory in use before: 81.8 MB.
System memory in use after: 81.9 MB.

Unloading 4 unused Assets to reduce memory usage. Loaded Objects now: 1668.
Total: 1.773000 ms (FindLiveObjects: 0.181000 ms CreateObjectMapping: 0.027500 ms MarkObjects: 1.551600 ms  DeleteObjects: 0.012000 ms)

========================================================================
Received Prepare
Registering precompiled user dll's ...
Registered in 0.000737 seconds.
Begin MonoManager ReloadAssembly
Native extension for WindowsStandalone target not found
Refreshing native plugins compatible for Editor in 0.30 ms, found 0 plugins.
Preloading 0 native plugins for Editor in 0.00 ms.
Invoked RoslynAnalysisRunner static constructor.
RoslynAnalysisRunner will not be running.
RoslynAnalysisRunner has terminated.
Mono: successfully reloaded assembly
- Completed reload, in  0.809 seconds
Platform modules already initialized, skipping
Refreshing native plugins compatible for Editor in 0.37 ms, found 0 plugins.
Preloading 0 native plugins for Editor in 0.00 ms.
Unloading 1100 Unused Serialized files (Serialized files now loaded: 0)
System memory in use before: 81.8 MB.
System memory in use after: 81.9 MB.

Unloading 4 unused Assets to reduce memory usage. Loaded Objects now: 1670.
Total: 2.158800 ms (FindLiveObjects: 0.223400 ms CreateObjectMapping: 0.029600 ms MarkObjects: 1.890300 ms  DeleteObjects: 0.014100 ms)

========================================================================
Received Prepare
Registering precompiled user dll's ...
Registered in 0.000548 seconds.
Begin MonoManager ReloadAssembly
Native extension for WindowsStandalone target not found
Refreshing native plugins compatible for Editor in 0.28 ms, found 0 plugins.
Preloading 0 native plugins for Editor in 0.00 ms.
Invoked RoslynAnalysisRunner static constructor.
RoslynAnalysisRunner will not be running.
RoslynAnalysisRunner has terminated.
Mono: successfully reloaded assembly
- Completed reload, in  0.686 seconds
Platform modules already initialized, skipping
Refreshing native plugins compatible for Editor in 0.27 ms, found 0 plugins.
Preloading 0 native plugins for Editor in 0.00 ms.
Unloading 1100 Unused Serialized files (Serialized files now loaded: 0)
System memory in use before: 81.8 MB.
System memory in use after: 81.9 MB.

Unloading 4 unused Assets to reduce memory usage. Loaded Objects now: 1672.
Total: 1.756100 ms (FindLiveObjects: 0.160800 ms CreateObjectMapping: 0.027900 ms MarkObjects: 1.555200 ms  DeleteObjects: 0.011200 ms)

========================================================================
Received Prepare
Registering precompiled user dll's ...
Registered in 0.000874 seconds.
Begin MonoManager ReloadAssembly
Native extension for WindowsStandalone target not found
Refreshing native plugins compatible for Editor in 0.29 ms, found 0 plugins.
Preloading 0 native plugins for Editor in 0.00 ms.
Invoked RoslynAnalysisRunner static constructor.
RoslynAnalysisRunner will not be running.
RoslynAnalysisRunner has terminated.
Mono: successfully reloaded assembly
- Completed reload, in  0.699 seconds
Platform modules already initialized, skipping
Refreshing native plugins compatible for Editor in 0.31 ms, found 0 plugins.
Preloading 0 native plugins for Editor in 0.00 ms.
Unloading 1100 Unused Serialized files (Serialized files now loaded: 0)
System memory in use before: 81.8 MB.
System memory in use after: 81.9 MB.

Unloading 4 unused Assets to reduce memory usage. Loaded Objects now: 1674.
Total: 1.576800 ms (FindLiveObjects: 0.167100 ms CreateObjectMapping: 0.028500 ms MarkObjects: 1.366100 ms  DeleteObjects: 0.013600 ms)

========================================================================
Received Prepare
Registering precompiled user dll's ...
Registered in 0.000624 seconds.
Begin MonoManager ReloadAssembly
Native extension for WindowsStandalone target not found
Refreshing native plugins compatible for Editor in 0.38 ms, found 0 plugins.
Preloading 0 native plugins for Editor in 0.00 ms.
Invoked RoslynAnalysisRunner static constructor.
RoslynAnalysisRunner will not be running.
RoslynAnalysisRunner has terminated.
Mono: successfully reloaded assembly
- Completed reload, in  0.751 seconds
Platform modules already initialized, skipping
Refreshing native plugins compatible for Editor in 0.27 ms, found 0 plugins.
Preloading 0 native plugins for Editor in 0.00 ms.
Unloading 1100 Unused Serialized files (Serialized files now loaded: 0)
System memory in use before: 81.7 MB.
System memory in use after: 81.8 MB.

Unloading 4 unused Assets to reduce memory usage. Loaded Objects now: 1676.
Total: 1.630300 ms (FindLiveObjects: 0.204800 ms CreateObjectMapping: 0.028400 ms MarkObjects: 1.384500 ms  DeleteObjects: 0.011600 ms)

========================================================================
Received Prepare
Registering precompiled user dll's ...
Registered in 0.000673 seconds.
Begin MonoManager ReloadAssembly
Native extension for WindowsStandalone target not found
Refreshing native plugins compatible for Editor in 0.26 ms, found 0 plugins.
Preloading 0 native plugins for Editor in 0.00 ms.
Invoked RoslynAnalysisRunner static constructor.
RoslynAnalysisRunner will not be running.
RoslynAnalysisRunner has terminated.
Mono: successfully reloaded assembly
- Completed reload, in  0.769 seconds
Platform modules already initialized, skipping
Refreshing native plugins compatible for Editor in 0.25 ms, found 0 plugins.
Preloading 0 native plugins for Editor in 0.00 ms.
Unloading 1100 Unused Serialized files (Serialized files now loaded: 0)
System memory in use before: 81.8 MB.
System memory in use after: 81.9 MB.

Unloading 4 unused Assets to reduce memory usage. Loaded Objects now: 1678.
Total: 1.959900 ms (FindLiveObjects: 0.242400 ms CreateObjectMapping: 0.037500 ms MarkObjects: 1.664800 ms  DeleteObjects: 0.013800 ms)

========================================================================
Received Import Request.
  Time since last request: 396.545463 seconds.
  path: Assets/Prefabs/First Person Player.prefab
  artifactKey: Guid(e7ef46276dbfe3749940c9f486f0ca65) Importer(815301076,1909f56bfc062723c751e8b465ee728b)
Start importing Assets/Prefabs/First Person Player.prefab using Guid(e7ef46276dbfe3749940c9f486f0ca65) Importer(815301076,1909f56bfc062723c751e8b465ee728b)  -> (artifact id: '36ac9330af4392db32d9f65694ad3b8f') in 0.068920 seconds
  Import took 0.071521 seconds .

========================================================================
Received Prepare
Registering precompiled user dll's ...
Registered in 0.000644 seconds.
Begin MonoManager ReloadAssembly
Native extension for WindowsStandalone target not found
Refreshing native plugins compatible for Editor in 0.25 ms, found 0 plugins.
Preloading 0 native plugins for Editor in 0.00 ms.
Invoked RoslynAnalysisRunner static constructor.
RoslynAnalysisRunner will not be running.
RoslynAnalysisRunner has terminated.
Mono: successfully reloaded assembly
- Completed reload, in  0.696 seconds
Platform modules already initialized, skipping
Refreshing native plugins compatible for Editor in 0.30 ms, found 0 plugins.
Preloading 0 native plugins for Editor in 0.00 ms.
Unloading 1100 Unused Serialized files (Serialized files now loaded: 0)
System memory in use before: 81.7 MB.
System memory in use after: 81.8 MB.

Unloading 6 unused Assets to reduce memory usage. Loaded Objects now: 1681.
Total: 1.654200 ms (FindLiveObjects: 0.204600 ms CreateObjectMapping: 0.027800 ms MarkObjects: 1.395300 ms  DeleteObjects: 0.025300 ms)

========================================================================
Received Prepare
Registering precompiled user dll's ...
Registered in 0.000577 seconds.
Begin MonoManager ReloadAssembly
Native extension for WindowsStandalone target not found
Refreshing native plugins compatible for Editor in 0.31 ms, found 0 plugins.
Preloading 0 native plugins for Editor in 0.00 ms.
Invoked RoslynAnalysisRunner static constructor.
RoslynAnalysisRunner will not be running.
RoslynAnalysisRunner has terminated.
Mono: successfully reloaded assembly
- Completed reload, in  0.688 seconds
Platform modules already initialized, skipping
Refreshing native plugins compatible for Editor in 0.31 ms, found 0 plugins.
Preloading 0 native plugins for Editor in 0.00 ms.
Unloading 1100 Unused Serialized files (Serialized files now loaded: 0)
System memory in use before: 81.8 MB.
System memory in use after: 81.9 MB.

Unloading 4 unused Assets to reduce memory usage. Loaded Objects now: 1683.
Total: 1.595700 ms (FindLiveObjects: 0.174000 ms CreateObjectMapping: 0.028600 ms MarkObjects: 1.380500 ms  DeleteObjects: 0.011700 ms)

========================================================================
Received Import Request.
  Time since last request: 270.501405 seconds.
  path: Assets/Scenes/_Level2.unity
  artifactKey: Guid(ad29938528a371c4683b47c6aa33d027) Importer(815301076,1909f56bfc062723c751e8b465ee728b)
Start importing Assets/Scenes/_Level2.unity using Guid(ad29938528a371c4683b47c6aa33d027) Importer(815301076,1909f56bfc062723c751e8b465ee728b)  -> (artifact id: '88f76631a3d81f7eae1d332e2ea29a57') in 0.016313 seconds
  Import took 0.018726 seconds .

========================================================================
Received Prepare
Registering precompiled user dll's ...
Registered in 0.000818 seconds.
Begin MonoManager ReloadAssembly
Native extension for WindowsStandalone target not found
Refreshing native plugins compatible for Editor in 0.29 ms, found 0 plugins.
Preloading 0 native plugins for Editor in 0.00 ms.
Invoked RoslynAnalysisRunner static constructor.
RoslynAnalysisRunner will not be running.
RoslynAnalysisRunner has terminated.
Mono: successfully reloaded assembly
- Completed reload, in  0.686 seconds
Platform modules already initialized, skipping
Refreshing native plugins compatible for Editor in 0.28 ms, found 0 plugins.
Preloading 0 native plugins for Editor in 0.00 ms.
Unloading 1100 Unused Serialized files (Serialized files now loaded: 0)
System memory in use before: 81.7 MB.
System memory in use after: 81.8 MB.

Unloading 4 unused Assets to reduce memory usage. Loaded Objects now: 1685.
Total: 2.017800 ms (FindLiveObjects: 0.160400 ms CreateObjectMapping: 0.027400 ms MarkObjects: 1.813900 ms  DeleteObjects: 0.014900 ms)

========================================================================
Received Prepare
Registering precompiled user dll's ...
Registered in 0.000676 seconds.
Begin MonoManager ReloadAssembly
Native extension for WindowsStandalone target not found
Refreshing native plugins compatible for Editor in 0.27 ms, found 0 plugins.
Preloading 0 native plugins for Editor in 0.00 ms.
Invoked RoslynAnalysisRunner static constructor.
RoslynAnalysisRunner will not be running.
RoslynAnalysisRunner has terminated.
Mono: successfully reloaded assembly
- Completed reload, in  0.754 seconds
Platform modules already initialized, skipping
Refreshing native plugins compatible for Editor in 0.32 ms, found 0 plugins.
Preloading 0 native plugins for Editor in 0.00 ms.
Unloading 1100 Unused Serialized files (Serialized files now loaded: 0)
System memory in use before: 81.9 MB.
System memory in use after: 82.0 MB.

Unloading 4 unused Assets to reduce memory usage. Loaded Objects now: 1687.
Total: 2.472800 ms (FindLiveObjects: 0.283100 ms CreateObjectMapping: 0.039600 ms MarkObjects: 2.130400 ms  DeleteObjects: 0.018300 ms)

========================================================================
Received Prepare
Registering precompiled user dll's ...
Registered in 0.000905 seconds.
Begin MonoManager ReloadAssembly
Native extension for WindowsStandalone target not found
Refreshing native plugins compatible for Editor in 0.25 ms, found 0 plugins.
Preloading 0 native plugins for Editor in 0.00 ms.
Invoked RoslynAnalysisRunner static constructor.
RoslynAnalysisRunner will not be running.
RoslynAnalysisRunner has terminated.
Mono: successfully reloaded assembly
- Completed reload, in  0.685 seconds
Platform modules already initialized, skipping
Refreshing native plugins compatible for Editor in 0.30 ms, found 0 plugins.
Preloading 0 native plugins for Editor in 0.00 ms.
Unloading 1100 Unused Serialized files (Serialized files now loaded: 0)
System memory in use before: 81.7 MB.
System memory in use after: 81.8 MB.

Unloading 4 unused Assets to reduce memory usage. Loaded Objects now: 1689.
Total: 1.671400 ms (FindLiveObjects: 0.158000 ms CreateObjectMapping: 0.029600 ms MarkObjects: 1.471800 ms  DeleteObjects: 0.011100 ms)

========================================================================
Received Import Request.
  Time since last request: 321.915891 seconds.
  path: Assets/Scenes/_Level4.unity
  artifactKey: Guid(3dc349a8dab07eb4b94da09e0a03049f) Importer(815301076,1909f56bfc062723c751e8b465ee728b)
Start importing Assets/Scenes/_Level4.unity using Guid(3dc349a8dab07eb4b94da09e0a03049f) Importer(815301076,1909f56bfc062723c751e8b465ee728b)  -> (artifact id: '119aeead7c1f62882e0d83fe1ae360f6') in 0.009994 seconds
  Import took 0.012116 seconds .

========================================================================
Received Import Request.
  Time since last request: 18.922855 seconds.
  path: Assets/Scenes/Playground.unity
  artifactKey: Guid(84a1c2253606d2048bca47437eddfb7a) Importer(815301076,1909f56bfc062723c751e8b465ee728b)
Start importing Assets/Scenes/Playground.unity using Guid(84a1c2253606d2048bca47437eddfb7a) Importer(815301076,1909f56bfc062723c751e8b465ee728b)  -> (artifact id: '7d473b066137ba70b12997f88c15cb39') in 0.002194 seconds
  Import took 0.004513 seconds .

========================================================================
Received Prepare
Registering precompiled user dll's ...
Registered in 0.001184 seconds.
Begin MonoManager ReloadAssembly
Native extension for WindowsStandalone target not found
Refreshing native plugins compatible for Editor in 0.24 ms, found 0 plugins.
Preloading 0 native plugins for Editor in 0.00 ms.
Invoked RoslynAnalysisRunner static constructor.
RoslynAnalysisRunner will not be running.
RoslynAnalysisRunner has terminated.
Mono: successfully reloaded assembly
- Completed reload, in  0.681 seconds
Platform modules already initialized, skipping
Refreshing native plugins compatible for Editor in 0.26 ms, found 0 plugins.
Preloading 0 native plugins for Editor in 0.00 ms.
Unloading 1100 Unused Serialized files (Serialized files now loaded: 0)
System memory in use before: 81.9 MB.
System memory in use after: 82.0 MB.

Unloading 4 unused Assets to reduce memory usage. Loaded Objects now: 1691.
Total: 1.550300 ms (FindLiveObjects: 0.144400 ms CreateObjectMapping: 0.026600 ms MarkObjects: 1.367000 ms  DeleteObjects: 0.011200 ms)

========================================================================
Received Prepare
Registering precompiled user dll's ...
Registered in 0.000887 seconds.
Begin MonoManager ReloadAssembly
Native extension for WindowsStandalone target not found
Refreshing native plugins compatible for Editor in 0.26 ms, found 0 plugins.
Preloading 0 native plugins for Editor in 0.00 ms.
Invoked RoslynAnalysisRunner static constructor.
RoslynAnalysisRunner will not be running.
RoslynAnalysisRunner has terminated.
Mono: successfully reloaded assembly
- Completed reload, in  0.690 seconds
Platform modules already initialized, skipping
Refreshing native plugins compatible for Editor in 0.25 ms, found 0 plugins.
Preloading 0 native plugins for Editor in 0.00 ms.
Unloading 1100 Unused Serialized files (Serialized files now loaded: 0)
System memory in use before: 81.7 MB.
System memory in use after: 81.8 MB.

Unloading 4 unused Assets to reduce memory usage. Loaded Objects now: 1693.
Total: 1.633100 ms (FindLiveObjects: 0.164000 ms CreateObjectMapping: 0.032600 ms MarkObjects: 1.423200 ms  DeleteObjects: 0.012300 ms)

AssetImportWorkerClient::OnTransportError - code=2 error=End of file
