Using pre-set license
Built from '2020.2/release' branch; Version is '2020.2.2f1 (068178b99f32) revision 426360'; Using compiler version '192528614'; Build Type 'Release'
OS: 'Windows 10 Home; OS build 19041.1052; Version 2004; 64bit' Language: 'en' Physical Memory: 16343 MB
BatchMode: 1, IsHumanControllingUs: 0, StartBugReporterOnCrash: 0, Is64bit: 1, IsPro: 0

 COMMAND LINE ARGUMENTS:
C:\Program Files\Unity\Hub\Editor\2020.2.2f1\Editor\Unity.exe
-adb2
-batchMode
-noUpm
-name
AssetImportWorker4
-projectPath
C:/Users/Wumbology Major/Summer-Game-Tau-Cannon
-logFile
Logs/AssetImportWorker4.log
-srvPort
52972
Successfully changed project path to: C:/Users/Wumbology Major/Summer-Game-Tau-Cannon
C:/Users/Wumbology Major/Summer-Game-Tau-Cannon
Using Asset Import Pipeline V2.
Refreshing native plugins compatible for Editor in 80.72 ms, found 0 plugins.
Preloading 0 native plugins for Editor in 0.00 ms.
Initialize engine version: 2020.2.2f1 (068178b99f32)
[Subsystems] Discovering subsystems at path C:/Program Files/Unity/Hub/Editor/2020.2.2f1/Editor/Data/Resources/UnitySubsystems
[Subsystems] Discovering subsystems at path C:/Users/Wumbology Major/Summer-Game-Tau-Cannon/Assets
GfxDevice: creating device client; threaded=0
Direct3D:
    Version:  Direct3D 11.0 [level 11.1]
    Renderer: NVIDIA GeForce GTX 1060 6GB (ID=0x1c03)
    Vendor:   
    VRAM:     6052 MB
    Driver:   27.21.14.6079
Initialize mono
Mono path[0] = 'C:/Program Files/Unity/Hub/Editor/2020.2.2f1/Editor/Data/Managed'
Mono path[1] = 'C:/Program Files/Unity/Hub/Editor/2020.2.2f1/Editor/Data/MonoBleedingEdge/lib/mono/unityjit'
Mono config path = 'C:/Program Files/Unity/Hub/Editor/2020.2.2f1/Editor/Data/MonoBleedingEdge/etc'
Using monoOptions --debugger-agent=transport=dt_socket,embedding=1,server=y,suspend=n,address=127.0.0.1:56400
Begin MonoManager ReloadAssembly
Registering precompiled unity dll's ...
Register platform support module: C:/Program Files/Unity/Hub/Editor/2020.2.2f1/Editor/Data/PlaybackEngines/WebGLSupport/UnityEditor.WebGL.Extensions.dll
Register platform support module: C:/Program Files/Unity/Hub/Editor/2020.2.2f1/Editor/Data/PlaybackEngines/MacStandaloneSupport/UnityEditor.OSXStandalone.Extensions.dll
Register platform support module: C:/Program Files/Unity/Hub/Editor/2020.2.2f1/Editor/Data/PlaybackEngines/WindowsStandaloneSupport/UnityEditor.WindowsStandalone.Extensions.dll
Registered in 0.026370 seconds.
Native extension for WindowsStandalone target not found
Native extension for OSXStandalone target not found
Native extension for WebGL target not found
Refreshing native plugins compatible for Editor in 308.34 ms, found 0 plugins.
Preloading 0 native plugins for Editor in 0.00 ms.
Invoked RoslynAnalysisRunner static constructor.
RoslynAnalysisRunner will not be running.
RoslynAnalysisRunner has terminated.
Mono: successfully reloaded assembly
- Completed reload, in 12.807 seconds
Platform modules already initialized, skipping
Registering precompiled user dll's ...
Registered in 0.002347 seconds.
Begin MonoManager ReloadAssembly
Native extension for WindowsStandalone target not found
Native extension for OSXStandalone target not found
Native extension for WebGL target not found
Refreshing native plugins compatible for Editor in 0.55 ms, found 0 plugins.
Preloading 0 native plugins for Editor in 0.00 ms.
Invoked RoslynAnalysisRunner static constructor.
RoslynAnalysisRunner will not be running.
RoslynAnalysisRunner has terminated.
Mono: successfully reloaded assembly
- Completed reload, in  6.786 seconds
Platform modules already initialized, skipping
========================================================================
Worker process is ready to serve import requests
Launched and connected shader compiler UnityShaderCompiler.exe after 0.38 seconds
Refreshing native plugins compatible for Editor in 0.31 ms, found 0 plugins.
Preloading 0 native plugins for Editor in 0.00 ms.
Unloading 1096 Unused Serialized files (Serialized files now loaded: 0)
System memory in use before: 75.8 MB.
System memory in use after: 75.9 MB.

Unloading 9 unused Assets to reduce memory usage. Loaded Objects now: 1558.
Total: 18.073500 ms (FindLiveObjects: 0.826800 ms CreateObjectMapping: 0.105700 ms MarkObjects: 16.782400 ms  DeleteObjects: 0.352000 ms)

========================================================================
Received Import Request.
  path: Assets/Scenes/Level 0.unity
  artifactKey: Guid(43813e01a79e6c94cb97e63695201d83) Importer(815301076,1909f56bfc062723c751e8b465ee728b)
Start importing Assets/Scenes/Level 0.unity using Guid(43813e01a79e6c94cb97e63695201d83) Importer(815301076,1909f56bfc062723c751e8b465ee728b)  -> (artifact id: '958b80fcf90e78d3e08647ac4b1b982a') in 0.046742 seconds
  Import took 0.065498 seconds .

========================================================================
Received Import Request.
  Time since last request: 487.812310 seconds.
  path: Assets/Scenes/Level 0.unity
  artifactKey: Guid(43813e01a79e6c94cb97e63695201d83) Importer(815301076,1909f56bfc062723c751e8b465ee728b)
Start importing Assets/Scenes/Level 0.unity using Guid(43813e01a79e6c94cb97e63695201d83) Importer(815301076,1909f56bfc062723c751e8b465ee728b)  -> (artifact id: '5947f90ec428a24c0df0c21c807cb76f') in 0.022031 seconds
  Import took 0.044686 seconds .

========================================================================
Received Import Request.
  Time since last request: 43.724732 seconds.
  path: Assets/Scenes/Playground.unity
  artifactKey: Guid(84a1c2253606d2048bca47437eddfb7a) Importer(815301076,1909f56bfc062723c751e8b465ee728b)
Start importing Assets/Scenes/Playground.unity using Guid(84a1c2253606d2048bca47437eddfb7a) Importer(815301076,1909f56bfc062723c751e8b465ee728b)  -> (artifact id: 'ab80af9c2a90076fad5abac7b8f15403') in 0.007038 seconds
  Import took 0.014340 seconds .

========================================================================
Received Import Request.
  Time since last request: 43.244944 seconds.
  path: Assets/Scenes/Playground.unity
  artifactKey: Guid(84a1c2253606d2048bca47437eddfb7a) Importer(815301076,1909f56bfc062723c751e8b465ee728b)
Start importing Assets/Scenes/Playground.unity using Guid(84a1c2253606d2048bca47437eddfb7a) Importer(815301076,1909f56bfc062723c751e8b465ee728b)  -> (artifact id: '3351f28078012dbf8ff29e612cc71de3') in 0.113289 seconds
  Import took 0.119137 seconds .

========================================================================
Received Import Request.
  Time since last request: 39.772157 seconds.
  path: Assets/Scenes/Level 1.unity
  artifactKey: Guid(e5f4ab6b1c52c894687488f0d6d4b4cd) Importer(815301076,1909f56bfc062723c751e8b465ee728b)
Start importing Assets/Scenes/Level 1.unity using Guid(e5f4ab6b1c52c894687488f0d6d4b4cd) Importer(815301076,1909f56bfc062723c751e8b465ee728b)  -> (artifact id: '34eb9f267e7fd2f5b94ffc6fab6297ba') in 0.006461 seconds
  Import took 0.010350 seconds .

========================================================================
Received Prepare
Registering precompiled user dll's ...
Registered in 0.002538 seconds.
Begin MonoManager ReloadAssembly
Native extension for WindowsStandalone target not found
Native extension for OSXStandalone target not found
Native extension for WebGL target not found
Refreshing native plugins compatible for Editor in 1.33 ms, found 0 plugins.
Preloading 0 native plugins for Editor in 0.00 ms.
Invoked RoslynAnalysisRunner static constructor.
RoslynAnalysisRunner will not be running.
RoslynAnalysisRunner has terminated.
Mono: successfully reloaded assembly
- Completed reload, in  7.903 seconds
Platform modules already initialized, skipping
Refreshing native plugins compatible for Editor in 0.29 ms, found 0 plugins.
Preloading 0 native plugins for Editor in 0.00 ms.
Unloading 1090 Unused Serialized files (Serialized files now loaded: 0)
System memory in use before: 76.0 MB.
System memory in use after: 76.1 MB.

Unloading 4 unused Assets to reduce memory usage. Loaded Objects now: 1560.
Total: 7.214800 ms (FindLiveObjects: 4.535700 ms CreateObjectMapping: 0.138200 ms MarkObjects: 2.515200 ms  DeleteObjects: 0.023700 ms)

========================================================================
Received Import Request.
  Time since last request: 2676.738968 seconds.
  path: Assets/Scenes/Level 1.unity
  artifactKey: Guid(e5f4ab6b1c52c894687488f0d6d4b4cd) Importer(815301076,1909f56bfc062723c751e8b465ee728b)
Start importing Assets/Scenes/Level 1.unity using Guid(e5f4ab6b1c52c894687488f0d6d4b4cd) Importer(815301076,1909f56bfc062723c751e8b465ee728b)  -> (artifact id: '9aa31f5ef3bc74e52ee88ae6f1b014da') in 0.192121 seconds
  Import took 0.201222 seconds .

========================================================================
Received Import Request.
  Time since last request: 40.785722 seconds.
  path: Assets/Scenes/Level 0.unity
  artifactKey: Guid(43813e01a79e6c94cb97e63695201d83) Importer(815301076,1909f56bfc062723c751e8b465ee728b)
Start importing Assets/Scenes/Level 0.unity using Guid(43813e01a79e6c94cb97e63695201d83) Importer(815301076,1909f56bfc062723c751e8b465ee728b)  -> (artifact id: '23ab7012f9ce3c9536ccd9ca7c793fc4') in 0.234244 seconds
  Import took 0.249405 seconds .

========================================================================
Received Import Request.
  Time since last request: 17.718142 seconds.
  path: Assets/Scenes/Level 0.unity
  artifactKey: Guid(43813e01a79e6c94cb97e63695201d83) Importer(815301076,1909f56bfc062723c751e8b465ee728b)
Start importing Assets/Scenes/Level 0.unity using Guid(43813e01a79e6c94cb97e63695201d83) Importer(815301076,1909f56bfc062723c751e8b465ee728b)  -> (artifact id: 'ead2904ad661121c2e4d5b758fa7c160') in 0.005843 seconds
  Import took 0.010171 seconds .

========================================================================
Received Import Request.
  Time since last request: 80.016649 seconds.
  path: Assets/Scenes/Level 2.unity
  artifactKey: Guid(ad29938528a371c4683b47c6aa33d027) Importer(815301076,1909f56bfc062723c751e8b465ee728b)
Start importing Assets/Scenes/Level 2.unity using Guid(ad29938528a371c4683b47c6aa33d027) Importer(815301076,1909f56bfc062723c751e8b465ee728b)  -> (artifact id: 'bb6115f7a178d4cc5be6fd6287366ffb') in 0.028562 seconds
  Import took 0.059574 seconds .

========================================================================
Received Import Request.
  Time since last request: 43.876118 seconds.
  path: Assets/Scenes/New Scene.unity
  artifactKey: Guid(f55f0290efb262e47bde12ab60bbd770) Importer(815301076,1909f56bfc062723c751e8b465ee728b)
Start importing Assets/Scenes/New Scene.unity using Guid(f55f0290efb262e47bde12ab60bbd770) Importer(815301076,1909f56bfc062723c751e8b465ee728b)  -> (artifact id: '34f07f6ae514d177ef1d1ff81eb31b97') in 0.007157 seconds
  Import took 0.012580 seconds .

========================================================================
Received Import Request.
  Time since last request: 4.817175 seconds.
  path: Assets/Scenes/Level 3.unity
  artifactKey: Guid(f55f0290efb262e47bde12ab60bbd770) Importer(815301076,1909f56bfc062723c751e8b465ee728b)
Start importing Assets/Scenes/Level 3.unity using Guid(f55f0290efb262e47bde12ab60bbd770) Importer(815301076,1909f56bfc062723c751e8b465ee728b)  -> (artifact id: '9a867575b787acdb22180b8c5fa3ca06') in 0.038783 seconds
  Import took 0.059719 seconds .

========================================================================
Received Import Request.
  Time since last request: 7.017943 seconds.
  path: Assets/Scenes/Level 4.unity
  artifactKey: Guid(3dc349a8dab07eb4b94da09e0a03049f) Importer(815301076,1909f56bfc062723c751e8b465ee728b)
Start importing Assets/Scenes/Level 4.unity using Guid(3dc349a8dab07eb4b94da09e0a03049f) Importer(815301076,1909f56bfc062723c751e8b465ee728b)  -> (artifact id: '6e676e9ebdfa5ca287aecbf6930c98d8') in 0.008012 seconds
  Import took 0.012693 seconds .

========================================================================
Received Import Request.
  Time since last request: 0.001993 seconds.
  path: Assets/Scenes/Level 4.unity
  artifactKey: Guid(3dc349a8dab07eb4b94da09e0a03049f) Importer(815301076,1909f56bfc062723c751e8b465ee728b)
Start importing Assets/Scenes/Level 4.unity using Guid(3dc349a8dab07eb4b94da09e0a03049f) Importer(815301076,1909f56bfc062723c751e8b465ee728b)  -> (artifact id: '6e676e9ebdfa5ca287aecbf6930c98d8') in 0.042400 seconds
  Import took 0.068609 seconds .

========================================================================
Received Import Request.
  Time since last request: 7.250961 seconds.
  path: Assets/Scenes/Level 5.unity
  artifactKey: Guid(20b15e4509025e64db0e5354285a29ea) Importer(815301076,1909f56bfc062723c751e8b465ee728b)
Start importing Assets/Scenes/Level 5.unity using Guid(20b15e4509025e64db0e5354285a29ea) Importer(815301076,1909f56bfc062723c751e8b465ee728b)  -> (artifact id: '9f37bb66e04b71cd8249649036d5e4be') in 0.007541 seconds
  Import took 0.061097 seconds .

========================================================================
Received Import Request.
  Time since last request: 1.719266 seconds.
  path: Assets/Scenes/Level 2.unity
  artifactKey: Guid(ad29938528a371c4683b47c6aa33d027) Importer(815301076,1909f56bfc062723c751e8b465ee728b)
Start importing Assets/Scenes/Level 2.unity using Guid(ad29938528a371c4683b47c6aa33d027) Importer(815301076,1909f56bfc062723c751e8b465ee728b)  -> (artifact id: '440d4580019a7d9cc97f7aec37e97d67') in 0.005450 seconds
  Import took 0.016013 seconds .

========================================================================
Received Import Request.
  Time since last request: 29.822304 seconds.
  path: Assets/Scenes/Level 5.unity
  artifactKey: Guid(20b15e4509025e64db0e5354285a29ea) Importer(815301076,1909f56bfc062723c751e8b465ee728b)
Start importing Assets/Scenes/Level 5.unity using Guid(20b15e4509025e64db0e5354285a29ea) Importer(815301076,1909f56bfc062723c751e8b465ee728b)  -> (artifact id: 'c29c648f56dfc51659a91921f5f9dab7') in 0.029429 seconds
  Import took 0.060655 seconds .

========================================================================
Received Import Request.
  Time since last request: 13.372832 seconds.
  path: Assets/Scenes/Level 3.unity
  artifactKey: Guid(f55f0290efb262e47bde12ab60bbd770) Importer(815301076,1909f56bfc062723c751e8b465ee728b)
Start importing Assets/Scenes/Level 3.unity using Guid(f55f0290efb262e47bde12ab60bbd770) Importer(815301076,1909f56bfc062723c751e8b465ee728b)  -> (artifact id: '28997bfc337e8ef82d0d609c8c1978f4') in 0.030935 seconds
  Import took 0.044960 seconds .

========================================================================
Received Import Request.
  Time since last request: 63.765624 seconds.
  path: Assets/Scenes/Level 3.unity
  artifactKey: Guid(f55f0290efb262e47bde12ab60bbd770) Importer(815301076,1909f56bfc062723c751e8b465ee728b)
Start importing Assets/Scenes/Level 3.unity using Guid(f55f0290efb262e47bde12ab60bbd770) Importer(815301076,1909f56bfc062723c751e8b465ee728b)  -> (artifact id: 'dba83494988742d36e9096dce921eca6') in 0.026616 seconds
  Import took 0.031076 seconds .

========================================================================
Received Import Request.
  Time since last request: 1.033328 seconds.
  path: Assets/Scenes/Level 4.unity
  artifactKey: Guid(3dc349a8dab07eb4b94da09e0a03049f) Importer(815301076,1909f56bfc062723c751e8b465ee728b)
Start importing Assets/Scenes/Level 4.unity using Guid(3dc349a8dab07eb4b94da09e0a03049f) Importer(815301076,1909f56bfc062723c751e8b465ee728b)  -> (artifact id: '5a343b967b144a5bbededc66afa5d2fa') in 0.030407 seconds
  Import took 0.034743 seconds .

========================================================================
Received Import Request.
  Time since last request: 186.484376 seconds.
  path: Assets/Scenes/Level 0.unity
  artifactKey: Guid(43813e01a79e6c94cb97e63695201d83) Importer(815301076,1909f56bfc062723c751e8b465ee728b)
Start importing Assets/Scenes/Level 0.unity using Guid(43813e01a79e6c94cb97e63695201d83) Importer(815301076,1909f56bfc062723c751e8b465ee728b)  -> (artifact id: 'c155d70409efe098603cccdc27a2200b') in 0.042439 seconds
  Import took 0.074475 seconds .

========================================================================
Received Import Request.
  Time since last request: 21.835944 seconds.
  path: Assets/Scenes/Level 3.unity
  artifactKey: Guid(f55f0290efb262e47bde12ab60bbd770) Importer(815301076,1909f56bfc062723c751e8b465ee728b)
Start importing Assets/Scenes/Level 3.unity using Guid(f55f0290efb262e47bde12ab60bbd770) Importer(815301076,1909f56bfc062723c751e8b465ee728b)  -> (artifact id: '305280093c8c407990dce0e3351009fa') in 0.004748 seconds
  Import took 0.008363 seconds .

========================================================================
Received Import Request.
  Time since last request: 107.700078 seconds.
  path: Assets/Scenes/Level 3.unity
  artifactKey: Guid(f55f0290efb262e47bde12ab60bbd770) Importer(815301076,1909f56bfc062723c751e8b465ee728b)
Start importing Assets/Scenes/Level 3.unity using Guid(f55f0290efb262e47bde12ab60bbd770) Importer(815301076,1909f56bfc062723c751e8b465ee728b)  -> (artifact id: 'a6f059adc85d56d646634a5b8286df19') in 0.042169 seconds
  Import took 0.059968 seconds .

========================================================================
Received Import Request.
  Time since last request: 262.426445 seconds.
  path: Assets/Scenes/Level 3.unity
  artifactKey: Guid(f55f0290efb262e47bde12ab60bbd770) Importer(815301076,1909f56bfc062723c751e8b465ee728b)
Start importing Assets/Scenes/Level 3.unity using Guid(f55f0290efb262e47bde12ab60bbd770) Importer(815301076,1909f56bfc062723c751e8b465ee728b)  -> (artifact id: '64bf9de1e0ab37e5b23dede708c8bc4a') in 0.011951 seconds
  Import took 0.015877 seconds .

========================================================================
Received Import Request.
  Time since last request: 11.289899 seconds.
  path: Assets/Scenes/Playground.unity
  artifactKey: Guid(84a1c2253606d2048bca47437eddfb7a) Importer(815301076,1909f56bfc062723c751e8b465ee728b)
Start importing Assets/Scenes/Playground.unity using Guid(84a1c2253606d2048bca47437eddfb7a) Importer(815301076,1909f56bfc062723c751e8b465ee728b)  -> (artifact id: '56bc65d4e97bf122d87ea88a4c9eb4b4') in 0.008019 seconds
  Import took 0.013566 seconds .

